[36m--[0m Using CATKIN_DEVEL_PREFIX: /home/csrobot/catkin_ws/devel/.private/ur_kinematics
[36m--[0m Using CMAKE_PREFIX_PATH: /home/csrobot/catkin_ws/devel;/opt/ros/melodic
[36m--[0m This workspace overlays: /home/csrobot/catkin_ws/devel;/opt/ros/melodic
[36m--[0m Found PythonInterp: /usr/bin/python2 (found suitable version "2.7.17", minimum required is "2")
[36m--[0m Using PYTHON_EXECUTABLE: /usr/bin/python2
[36m--[0m Using Debian Python package layout
[36m--[0m Using empy: /usr/bin/empy
[36m--[0m Using CATKIN_ENABLE_TESTING: ON
[36m--[0m Call enable_testing()
[36m--[0m Using CATKIN_TEST_RESULTS_DIR: /home/csrobot/catkin_ws/build/ur_kinematics/test_results
[36m--[0m Found gtest sources under '/usr/src/googletest': gtests will be built
[36m--[0m Found gmock sources under '/usr/src/googletest': gmock will be built
[36m--[0m Found PythonInterp: /usr/bin/python2 (found version "2.7.17")
[36m--[0m Using Python nosetests: /home/csrobot/.local/bin/nosetests-2.7
[36m--[0m catkin 0.7.29
[36m--[0m BUILD_SHARED_LIBS is on
[36m--[0m Could NOT find moveit_core (missing: moveit_core_DIR)
[36m--[0m Could not find the required component 'moveit_core'. The following CMake error indicates that you either need to install the package with the same name or change your environment so that it can be found.
[31m[1mCMake Error[0m at /opt/ros/melodic/share/catkin/cmake/catkinConfig.cmake:83 (find_package):
  Could not find a package configuration file provided by "moveit_core" with
  any of the following names:

    moveit_coreConfig.cmake
    moveit_core-config.cmake

  Add the installation prefix of "moveit_core" to CMAKE_PREFIX_PATH or set
  "moveit_core_DIR" to a directory containing one of the above files.  If
  "moveit_core" provides a separate development package or SDK, be sure it
  has been installed.
[36mCall Stack (most recent call first):[0m
  CMakeLists.txt:6 (find_package)


[36m--[0m Configuring incomplete, errors occurred!
See also "/home/csrobot/catkin_ws/build/ur_kinematics/CMakeFiles/CMakeOutput.log".
See also "/home/csrobot/catkin_ws/build/ur_kinematics/CMakeFiles/CMakeError.log".
Makefile:1624: recipe for target 'cmake_check_build_system' failed
make: *** [cmake_check_build_system] Error 1
