Determining if the pthread_create exist failed with the following output:
Change Dir: /home/csrobot/catkin_ws/build/j2n6s300_ikfast/CMakeFiles/CMakeTmp

Run Build Command:"/usr/bin/make" "cmTC_9a65b/fast"
/usr/bin/make -f CMakeFiles/cmTC_9a65b.dir/build.make CMakeFiles/cmTC_9a65b.dir/build
make[1]: Entering directory '/home/csrobot/catkin_ws/build/j2n6s300_ikfast/CMakeFiles/CMakeTmp'
Building C object CMakeFiles/cmTC_9a65b.dir/CheckSymbolExists.c.o
/usr/bin/cc    -o CMakeFiles/cmTC_9a65b.dir/CheckSymbolExists.c.o   -c /home/csrobot/catkin_ws/build/j2n6s300_ikfast/CMakeFiles/CMakeTmp/CheckSymbolExists.c
Linking C executable cmTC_9a65b
/usr/bin/cmake -E cmake_link_script CMakeFiles/cmTC_9a65b.dir/link.txt --verbose=1
/usr/bin/cc      -rdynamic CMakeFiles/cmTC_9a65b.dir/CheckSymbolExists.c.o  -o cmTC_9a65b 
CMakeFiles/cmTC_9a65b.dir/CheckSymbolExists.c.o: In function `main':
CheckSymbolExists.c:(.text+0x1b): undefined reference to `pthread_create'
collect2: error: ld returned 1 exit status
CMakeFiles/cmTC_9a65b.dir/build.make:97: recipe for target 'cmTC_9a65b' failed
make[1]: *** [cmTC_9a65b] Error 1
make[1]: Leaving directory '/home/csrobot/catkin_ws/build/j2n6s300_ikfast/CMakeFiles/CMakeTmp'
Makefile:126: recipe for target 'cmTC_9a65b/fast' failed
make: *** [cmTC_9a65b/fast] Error 2

File /home/csrobot/catkin_ws/build/j2n6s300_ikfast/CMakeFiles/CMakeTmp/CheckSymbolExists.c:
/* */
#include <pthread.h>

int main(int argc, char** argv)
{
  (void)argv;
#ifndef pthread_create
  return ((int*)(&pthread_create))[argc];
#else
  (void)argc;
  return 0;
#endif
}

Determining if the function pthread_create exists in the pthreads failed with the following output:
Change Dir: /home/csrobot/catkin_ws/build/j2n6s300_ikfast/CMakeFiles/CMakeTmp

Run Build Command:"/usr/bin/make" "cmTC_c81dd/fast"
/usr/bin/make -f CMakeFiles/cmTC_c81dd.dir/build.make CMakeFiles/cmTC_c81dd.dir/build
make[1]: Entering directory '/home/csrobot/catkin_ws/build/j2n6s300_ikfast/CMakeFiles/CMakeTmp'
Building C object CMakeFiles/cmTC_c81dd.dir/CheckFunctionExists.c.o
/usr/bin/cc   -DCHECK_FUNCTION_EXISTS=pthread_create   -o CMakeFiles/cmTC_c81dd.dir/CheckFunctionExists.c.o   -c /usr/share/cmake-3.10/Modules/CheckFunctionExists.c
Linking C executable cmTC_c81dd
/usr/bin/cmake -E cmake_link_script CMakeFiles/cmTC_c81dd.dir/link.txt --verbose=1
/usr/bin/cc  -DCHECK_FUNCTION_EXISTS=pthread_create    -rdynamic CMakeFiles/cmTC_c81dd.dir/CheckFunctionExists.c.o  -o cmTC_c81dd -lpthreads 
/usr/bin/ld: cannot find -lpthreads
collect2: error: ld returned 1 exit status
CMakeFiles/cmTC_c81dd.dir/build.make:97: recipe for target 'cmTC_c81dd' failed
make[1]: *** [cmTC_c81dd] Error 1
make[1]: Leaving directory '/home/csrobot/catkin_ws/build/j2n6s300_ikfast/CMakeFiles/CMakeTmp'
Makefile:126: recipe for target 'cmTC_c81dd/fast' failed
make: *** [cmTC_c81dd/fast] Error 2


