Determining if the pthread_create exist failed with the following output:
Change Dir: /home/csrobot/catkin_ws/build/j2s7s300_ikfast/CMakeFiles/CMakeTmp

Run Build Command:"/usr/bin/make" "cmTC_17bf9/fast"
/usr/bin/make -f CMakeFiles/cmTC_17bf9.dir/build.make CMakeFiles/cmTC_17bf9.dir/build
make[1]: Entering directory '/home/csrobot/catkin_ws/build/j2s7s300_ikfast/CMakeFiles/CMakeTmp'
Building C object CMakeFiles/cmTC_17bf9.dir/CheckSymbolExists.c.o
/usr/bin/cc    -o CMakeFiles/cmTC_17bf9.dir/CheckSymbolExists.c.o   -c /home/csrobot/catkin_ws/build/j2s7s300_ikfast/CMakeFiles/CMakeTmp/CheckSymbolExists.c
Linking C executable cmTC_17bf9
/usr/bin/cmake -E cmake_link_script CMakeFiles/cmTC_17bf9.dir/link.txt --verbose=1
/usr/bin/cc      -rdynamic CMakeFiles/cmTC_17bf9.dir/CheckSymbolExists.c.o  -o cmTC_17bf9 
CMakeFiles/cmTC_17bf9.dir/CheckSymbolExists.c.o: In function `main':
CheckSymbolExists.c:(.text+0x1b): undefined reference to `pthread_create'
collect2: error: ld returned 1 exit status
CMakeFiles/cmTC_17bf9.dir/build.make:97: recipe for target 'cmTC_17bf9' failed
make[1]: *** [cmTC_17bf9] Error 1
make[1]: Leaving directory '/home/csrobot/catkin_ws/build/j2s7s300_ikfast/CMakeFiles/CMakeTmp'
Makefile:126: recipe for target 'cmTC_17bf9/fast' failed
make: *** [cmTC_17bf9/fast] Error 2

File /home/csrobot/catkin_ws/build/j2s7s300_ikfast/CMakeFiles/CMakeTmp/CheckSymbolExists.c:
/* */
#include <pthread.h>

int main(int argc, char** argv)
{
  (void)argv;
#ifndef pthread_create
  return ((int*)(&pthread_create))[argc];
#else
  (void)argc;
  return 0;
#endif
}

Determining if the function pthread_create exists in the pthreads failed with the following output:
Change Dir: /home/csrobot/catkin_ws/build/j2s7s300_ikfast/CMakeFiles/CMakeTmp

Run Build Command:"/usr/bin/make" "cmTC_2fc4f/fast"
/usr/bin/make -f CMakeFiles/cmTC_2fc4f.dir/build.make CMakeFiles/cmTC_2fc4f.dir/build
make[1]: Entering directory '/home/csrobot/catkin_ws/build/j2s7s300_ikfast/CMakeFiles/CMakeTmp'
Building C object CMakeFiles/cmTC_2fc4f.dir/CheckFunctionExists.c.o
/usr/bin/cc   -DCHECK_FUNCTION_EXISTS=pthread_create   -o CMakeFiles/cmTC_2fc4f.dir/CheckFunctionExists.c.o   -c /usr/share/cmake-3.10/Modules/CheckFunctionExists.c
Linking C executable cmTC_2fc4f
/usr/bin/cmake -E cmake_link_script CMakeFiles/cmTC_2fc4f.dir/link.txt --verbose=1
/usr/bin/cc  -DCHECK_FUNCTION_EXISTS=pthread_create    -rdynamic CMakeFiles/cmTC_2fc4f.dir/CheckFunctionExists.c.o  -o cmTC_2fc4f -lpthreads 
/usr/bin/ld: cannot find -lpthreads
collect2: error: ld returned 1 exit status
CMakeFiles/cmTC_2fc4f.dir/build.make:97: recipe for target 'cmTC_2fc4f' failed
make[1]: *** [cmTC_2fc4f] Error 1
make[1]: Leaving directory '/home/csrobot/catkin_ws/build/j2s7s300_ikfast/CMakeFiles/CMakeTmp'
Makefile:126: recipe for target 'cmTC_2fc4f/fast' failed
make: *** [cmTC_2fc4f/fast] Error 2


