[  0%] Built target std_msgs_generate_messages_eus
[  0%] Built target roscpp_generate_messages_py
[  0%] Built target actionlib_msgs_generate_messages_lisp
[  0%] Built target rosgraph_msgs_generate_messages_eus
[  0%] Built target rosgraph_msgs_generate_messages_nodejs
[  0%] Built target actionlib_generate_messages_eus
[  0%] Built target roscpp_generate_messages_cpp
[  0%] Built target roscpp_generate_messages_lisp
[  0%] Built target actionlib_msgs_generate_messages_py
[  0%] Built target std_msgs_generate_messages_cpp
[  0%] Built target geometry_msgs_generate_messages_eus
[  0%] Built target kinova_msgs_generate_messages_cpp
[  0%] Built target sensor_msgs_generate_messages_lisp
[  0%] Built target sensor_msgs_generate_messages_nodejs
[  0%] Built target roscpp_generate_messages_eus
[  0%] Built target actionlib_generate_messages_cpp
[  0%] Built target visualization_msgs_generate_messages_nodejs
[  0%] Built target rosgraph_msgs_generate_messages_py
[  0%] Built target rosgraph_msgs_generate_messages_cpp
[  0%] Built target rosgraph_msgs_generate_messages_lisp
[  0%] Built target actionlib_msgs_generate_messages_eus
[  0%] Built target actionlib_msgs_generate_messages_nodejs
[  0%] Built target geometry_msgs_generate_messages_nodejs
[  0%] Built target visualization_msgs_generate_messages_py
[  0%] Built target geometry_msgs_generate_messages_cpp
[  0%] Built target actionlib_generate_messages_lisp
[  0%] Built target dynamic_reconfigure_generate_messages_lisp
[  0%] Built target roscpp_generate_messages_nodejs
[  0%] Built target std_msgs_generate_messages_py
[  0%] Built target dynamic_reconfigure_generate_messages_nodejs
[  0%] Built target std_msgs_generate_messages_lisp
[  0%] Built target dynamic_reconfigure_generate_messages_py
[  0%] Built target geometry_msgs_generate_messages_py
[  0%] Built target dynamic_reconfigure_generate_messages_eus
[  0%] Built target kinova_msgs_generate_messages_lisp
[  0%] Built target kinova_msgs_generate_messages_nodejs
[  0%] Built target geometry_msgs_generate_messages_lisp
[  0%] Built target kinova_msgs_generate_messages_eus
[  0%] Built target sensor_msgs_generate_messages_cpp
[  0%] Built target std_msgs_generate_messages_nodejs
[  0%] Built target tf_generate_messages_nodejs
[  0%] Built target sensor_msgs_generate_messages_eus
[  0%] Built target dynamic_reconfigure_generate_messages_cpp
[  0%] Built target sensor_msgs_generate_messages_py
[  0%] Built target tf_generate_messages_py
[  0%] Built target tf2_msgs_generate_messages_cpp
[  0%] Built target dynamic_reconfigure_gencfg
[  0%] Built target tf_generate_messages_lisp
[  0%] Built target kinova_msgs_generate_messages_py
[  0%] Built target actionlib_generate_messages_py
[  0%] Built target tf_generate_messages_eus
[  0%] Built target tf_generate_messages_cpp
[  0%] Built target tf2_msgs_generate_messages_lisp
[  0%] Built target actionlib_generate_messages_nodejs
[  0%] Built target tf2_msgs_generate_messages_eus
[  0%] Built target tf2_msgs_generate_messages_py
[  0%] Built target actionlib_msgs_generate_messages_cpp
[  0%] Built target visualization_msgs_generate_messages_lisp
[  0%] Built target tf2_msgs_generate_messages_nodejs
[  0%] Built target visualization_msgs_generate_messages_cpp
[  0%] Built target kinova_driver_gencfg
[  0%] Built target visualization_msgs_generate_messages_eus
[35m[1mScanning dependencies of target kinova_tf_updater[0m
[35m[1mScanning dependencies of target kinova_driver[0m
[  9%] Built target joint_trajectory_action_server
[ 19%] Built target gripper_command_action_server
[ 23%] [32mBuilding CXX object CMakeFiles/kinova_tf_updater.dir/src/nodes/kinova_tf_updater.cpp.o[0m
[ 28%] [32mBuilding CXX object CMakeFiles/kinova_tf_updater.dir/src/kinova_arm_kinematics.cpp.o[0m
[ 33%] [32mBuilding CXX object CMakeFiles/kinova_driver.dir/src/kinova_arm.cpp.o[0m
[ 38%] [32mBuilding CXX object CMakeFiles/kinova_driver.dir/src/kinova_tool_pose_action.cpp.o[0m
[ 42%] [32m[1mLinking CXX executable /home/csrobot/catkin_ws/devel/.private/kinova_driver/lib/kinova_driver/kinova_tf_updater[0m
[ 47%] Built target kinova_tf_updater
[ 52%] [32m[1mLinking CXX shared library /home/csrobot/catkin_ws/devel/.private/kinova_driver/lib/libkinova_driver.so[0m
[ 80%] Built target kinova_driver
[35m[1mScanning dependencies of target kinova_arm_driver[0m
[35m[1mScanning dependencies of target kinova_interactive_control[0m
[ 85%] [32mBuilding CXX object CMakeFiles/kinova_arm_driver.dir/src/nodes/kinova_arm_driver.cpp.o[0m
[ 90%] [32mBuilding CXX object CMakeFiles/kinova_interactive_control.dir/src/nodes/kinova_interactive_control.cpp.o[0m
[ 95%] [32m[1mLinking CXX executable /home/csrobot/catkin_ws/devel/.private/kinova_driver/lib/kinova_driver/kinova_arm_driver[0m
[ 95%] Built target kinova_arm_driver
[100%] [32m[1mLinking CXX executable /home/csrobot/catkin_ws/devel/.private/kinova_driver/lib/kinova_driver/kinova_interactive_control[0m
[100%] Built target kinova_interactive_control
