Determining if the pthread_create exist failed with the following output:
Change Dir: /home/csrobot/catkin_ws/build/stretch_description/CMakeFiles/CMakeTmp

Run Build Command:"/usr/bin/make" "cmTC_36ddc/fast"
/usr/bin/make -f CMakeFiles/cmTC_36ddc.dir/build.make CMakeFiles/cmTC_36ddc.dir/build
make[1]: Entering directory '/home/csrobot/catkin_ws/build/stretch_description/CMakeFiles/CMakeTmp'
Building C object CMakeFiles/cmTC_36ddc.dir/CheckSymbolExists.c.o
/usr/bin/cc    -o CMakeFiles/cmTC_36ddc.dir/CheckSymbolExists.c.o   -c /home/csrobot/catkin_ws/build/stretch_description/CMakeFiles/CMakeTmp/CheckSymbolExists.c
Linking C executable cmTC_36ddc
/usr/bin/cmake -E cmake_link_script CMakeFiles/cmTC_36ddc.dir/link.txt --verbose=1
/usr/bin/cc      -rdynamic CMakeFiles/cmTC_36ddc.dir/CheckSymbolExists.c.o  -o cmTC_36ddc 
CMakeFiles/cmTC_36ddc.dir/CheckSymbolExists.c.o: In function `main':
CheckSymbolExists.c:(.text+0x1b): undefined reference to `pthread_create'
collect2: error: ld returned 1 exit status
CMakeFiles/cmTC_36ddc.dir/build.make:97: recipe for target 'cmTC_36ddc' failed
make[1]: *** [cmTC_36ddc] Error 1
make[1]: Leaving directory '/home/csrobot/catkin_ws/build/stretch_description/CMakeFiles/CMakeTmp'
Makefile:126: recipe for target 'cmTC_36ddc/fast' failed
make: *** [cmTC_36ddc/fast] Error 2

File /home/csrobot/catkin_ws/build/stretch_description/CMakeFiles/CMakeTmp/CheckSymbolExists.c:
/* */
#include <pthread.h>

int main(int argc, char** argv)
{
  (void)argv;
#ifndef pthread_create
  return ((int*)(&pthread_create))[argc];
#else
  (void)argc;
  return 0;
#endif
}

Determining if the function pthread_create exists in the pthreads failed with the following output:
Change Dir: /home/csrobot/catkin_ws/build/stretch_description/CMakeFiles/CMakeTmp

Run Build Command:"/usr/bin/make" "cmTC_476da/fast"
/usr/bin/make -f CMakeFiles/cmTC_476da.dir/build.make CMakeFiles/cmTC_476da.dir/build
make[1]: Entering directory '/home/csrobot/catkin_ws/build/stretch_description/CMakeFiles/CMakeTmp'
Building C object CMakeFiles/cmTC_476da.dir/CheckFunctionExists.c.o
/usr/bin/cc   -DCHECK_FUNCTION_EXISTS=pthread_create   -o CMakeFiles/cmTC_476da.dir/CheckFunctionExists.c.o   -c /usr/share/cmake-3.10/Modules/CheckFunctionExists.c
Linking C executable cmTC_476da
/usr/bin/cmake -E cmake_link_script CMakeFiles/cmTC_476da.dir/link.txt --verbose=1
/usr/bin/cc  -DCHECK_FUNCTION_EXISTS=pthread_create    -rdynamic CMakeFiles/cmTC_476da.dir/CheckFunctionExists.c.o  -o cmTC_476da -lpthreads 
/usr/bin/ld: cannot find -lpthreads
collect2: error: ld returned 1 exit status
CMakeFiles/cmTC_476da.dir/build.make:97: recipe for target 'cmTC_476da' failed
make[1]: *** [cmTC_476da] Error 1
make[1]: Leaving directory '/home/csrobot/catkin_ws/build/stretch_description/CMakeFiles/CMakeTmp'
Makefile:126: recipe for target 'cmTC_476da/fast' failed
make: *** [cmTC_476da/fast] Error 2


