Determining if the pthread_create exist failed with the following output:
Change Dir: /home/csrobot/catkin_ws/build/kinova_description/CMakeFiles/CMakeTmp

Run Build Command:"/usr/bin/make" "cmTC_59ad2/fast"
/usr/bin/make -f CMakeFiles/cmTC_59ad2.dir/build.make CMakeFiles/cmTC_59ad2.dir/build
make[1]: Entering directory '/home/csrobot/catkin_ws/build/kinova_description/CMakeFiles/CMakeTmp'
Building C object CMakeFiles/cmTC_59ad2.dir/CheckSymbolExists.c.o
/usr/bin/cc    -o CMakeFiles/cmTC_59ad2.dir/CheckSymbolExists.c.o   -c /home/csrobot/catkin_ws/build/kinova_description/CMakeFiles/CMakeTmp/CheckSymbolExists.c
Linking C executable cmTC_59ad2
/usr/bin/cmake -E cmake_link_script CMakeFiles/cmTC_59ad2.dir/link.txt --verbose=1
/usr/bin/cc      -rdynamic CMakeFiles/cmTC_59ad2.dir/CheckSymbolExists.c.o  -o cmTC_59ad2 
CMakeFiles/cmTC_59ad2.dir/CheckSymbolExists.c.o: In function `main':
CheckSymbolExists.c:(.text+0x1b): undefined reference to `pthread_create'
collect2: error: ld returned 1 exit status
CMakeFiles/cmTC_59ad2.dir/build.make:97: recipe for target 'cmTC_59ad2' failed
make[1]: *** [cmTC_59ad2] Error 1
make[1]: Leaving directory '/home/csrobot/catkin_ws/build/kinova_description/CMakeFiles/CMakeTmp'
Makefile:126: recipe for target 'cmTC_59ad2/fast' failed
make: *** [cmTC_59ad2/fast] Error 2

File /home/csrobot/catkin_ws/build/kinova_description/CMakeFiles/CMakeTmp/CheckSymbolExists.c:
/* */
#include <pthread.h>

int main(int argc, char** argv)
{
  (void)argv;
#ifndef pthread_create
  return ((int*)(&pthread_create))[argc];
#else
  (void)argc;
  return 0;
#endif
}

Determining if the function pthread_create exists in the pthreads failed with the following output:
Change Dir: /home/csrobot/catkin_ws/build/kinova_description/CMakeFiles/CMakeTmp

Run Build Command:"/usr/bin/make" "cmTC_40b45/fast"
/usr/bin/make -f CMakeFiles/cmTC_40b45.dir/build.make CMakeFiles/cmTC_40b45.dir/build
make[1]: Entering directory '/home/csrobot/catkin_ws/build/kinova_description/CMakeFiles/CMakeTmp'
Building C object CMakeFiles/cmTC_40b45.dir/CheckFunctionExists.c.o
/usr/bin/cc   -DCHECK_FUNCTION_EXISTS=pthread_create   -o CMakeFiles/cmTC_40b45.dir/CheckFunctionExists.c.o   -c /usr/share/cmake-3.10/Modules/CheckFunctionExists.c
Linking C executable cmTC_40b45
/usr/bin/cmake -E cmake_link_script CMakeFiles/cmTC_40b45.dir/link.txt --verbose=1
/usr/bin/cc  -DCHECK_FUNCTION_EXISTS=pthread_create    -rdynamic CMakeFiles/cmTC_40b45.dir/CheckFunctionExists.c.o  -o cmTC_40b45 -lpthreads 
/usr/bin/ld: cannot find -lpthreads
collect2: error: ld returned 1 exit status
CMakeFiles/cmTC_40b45.dir/build.make:97: recipe for target 'cmTC_40b45' failed
make[1]: *** [cmTC_40b45] Error 1
make[1]: Leaving directory '/home/csrobot/catkin_ws/build/kinova_description/CMakeFiles/CMakeTmp'
Makefile:126: recipe for target 'cmTC_40b45/fast' failed
make: *** [cmTC_40b45/fast] Error 2


