Linked: (/home/csrobot/catkin_ws/devel/.private/uml_hri_nerve_pick_and_place/lib/uml_hri_nerve_pick_and_place/add_two_ints_client, /home/csrobot/catkin_ws/devel/lib/uml_hri_nerve_pick_and_place/add_two_ints_client)
Linked: (/home/csrobot/catkin_ws/devel/.private/uml_hri_nerve_pick_and_place/lib/uml_hri_nerve_pick_and_place/pick_and_place, /home/csrobot/catkin_ws/devel/lib/uml_hri_nerve_pick_and_place/pick_and_place)
Linked: (/home/csrobot/catkin_ws/devel/.private/uml_hri_nerve_pick_and_place/lib/uml_hri_nerve_pick_and_place/add_two_ints_server, /home/csrobot/catkin_ws/devel/lib/uml_hri_nerve_pick_and_place/add_two_ints_server)
Linked: (/home/csrobot/catkin_ws/devel/.private/uml_hri_nerve_pick_and_place/lib/pkgconfig/uml_hri_nerve_pick_and_place.pc, /home/csrobot/catkin_ws/devel/lib/pkgconfig/uml_hri_nerve_pick_and_place.pc)
Linked: (/home/csrobot/catkin_ws/devel/.private/uml_hri_nerve_pick_and_place/lib/python2.7/dist-packages/uml_hri_nerve_pick_and_place/__init__.py, /home/csrobot/catkin_ws/devel/lib/python2.7/dist-packages/uml_hri_nerve_pick_and_place/__init__.py)
Linked: (/home/csrobot/catkin_ws/devel/.private/uml_hri_nerve_pick_and_place/lib/python2.7/dist-packages/uml_hri_nerve_pick_and_place/srv/_AddTwoInts.py, /home/csrobot/catkin_ws/devel/lib/python2.7/dist-packages/uml_hri_nerve_pick_and_place/srv/_AddTwoInts.py)
Linked: (/home/csrobot/catkin_ws/devel/.private/uml_hri_nerve_pick_and_place/lib/python2.7/dist-packages/uml_hri_nerve_pick_and_place/srv/__init__.py, /home/csrobot/catkin_ws/devel/lib/python2.7/dist-packages/uml_hri_nerve_pick_and_place/srv/__init__.py)
Linked: (/home/csrobot/catkin_ws/devel/.private/uml_hri_nerve_pick_and_place/lib/python2.7/dist-packages/uml_hri_nerve_pick_and_place/msg/_Num.py, /home/csrobot/catkin_ws/devel/lib/python2.7/dist-packages/uml_hri_nerve_pick_and_place/msg/_Num.py)
Linked: (/home/csrobot/catkin_ws/devel/.private/uml_hri_nerve_pick_and_place/lib/python2.7/dist-packages/uml_hri_nerve_pick_and_place/msg/__init__.py, /home/csrobot/catkin_ws/devel/lib/python2.7/dist-packages/uml_hri_nerve_pick_and_place/msg/__init__.py)
Linked: (/home/csrobot/catkin_ws/devel/.private/uml_hri_nerve_pick_and_place/include/uml_hri_nerve_pick_and_place/AddTwoIntsResponse.h, /home/csrobot/catkin_ws/devel/include/uml_hri_nerve_pick_and_place/AddTwoIntsResponse.h)
Linked: (/home/csrobot/catkin_ws/devel/.private/uml_hri_nerve_pick_and_place/include/uml_hri_nerve_pick_and_place/AddTwoInts.h, /home/csrobot/catkin_ws/devel/include/uml_hri_nerve_pick_and_place/AddTwoInts.h)
Linked: (/home/csrobot/catkin_ws/devel/.private/uml_hri_nerve_pick_and_place/include/uml_hri_nerve_pick_and_place/Num.h, /home/csrobot/catkin_ws/devel/include/uml_hri_nerve_pick_and_place/Num.h)
Linked: (/home/csrobot/catkin_ws/devel/.private/uml_hri_nerve_pick_and_place/include/uml_hri_nerve_pick_and_place/AddTwoIntsRequest.h, /home/csrobot/catkin_ws/devel/include/uml_hri_nerve_pick_and_place/AddTwoIntsRequest.h)
Linked: (/home/csrobot/catkin_ws/devel/.private/uml_hri_nerve_pick_and_place/share/common-lisp/ros/uml_hri_nerve_pick_and_place/srv/AddTwoInts.lisp, /home/csrobot/catkin_ws/devel/share/common-lisp/ros/uml_hri_nerve_pick_and_place/srv/AddTwoInts.lisp)
Linked: (/home/csrobot/catkin_ws/devel/.private/uml_hri_nerve_pick_and_place/share/common-lisp/ros/uml_hri_nerve_pick_and_place/srv/_package_AddTwoInts.lisp, /home/csrobot/catkin_ws/devel/share/common-lisp/ros/uml_hri_nerve_pick_and_place/srv/_package_AddTwoInts.lisp)
Linked: (/home/csrobot/catkin_ws/devel/.private/uml_hri_nerve_pick_and_place/share/common-lisp/ros/uml_hri_nerve_pick_and_place/srv/_package.lisp, /home/csrobot/catkin_ws/devel/share/common-lisp/ros/uml_hri_nerve_pick_and_place/srv/_package.lisp)
Linked: (/home/csrobot/catkin_ws/devel/.private/uml_hri_nerve_pick_and_place/share/common-lisp/ros/uml_hri_nerve_pick_and_place/srv/uml_hri_nerve_pick_and_place-srv.asd, /home/csrobot/catkin_ws/devel/share/common-lisp/ros/uml_hri_nerve_pick_and_place/srv/uml_hri_nerve_pick_and_place-srv.asd)
Linked: (/home/csrobot/catkin_ws/devel/.private/uml_hri_nerve_pick_and_place/share/common-lisp/ros/uml_hri_nerve_pick_and_place/msg/_package_Num.lisp, /home/csrobot/catkin_ws/devel/share/common-lisp/ros/uml_hri_nerve_pick_and_place/msg/_package_Num.lisp)
Linked: (/home/csrobot/catkin_ws/devel/.private/uml_hri_nerve_pick_and_place/share/common-lisp/ros/uml_hri_nerve_pick_and_place/msg/Num.lisp, /home/csrobot/catkin_ws/devel/share/common-lisp/ros/uml_hri_nerve_pick_and_place/msg/Num.lisp)
Linked: (/home/csrobot/catkin_ws/devel/.private/uml_hri_nerve_pick_and_place/share/common-lisp/ros/uml_hri_nerve_pick_and_place/msg/_package.lisp, /home/csrobot/catkin_ws/devel/share/common-lisp/ros/uml_hri_nerve_pick_and_place/msg/_package.lisp)
Linked: (/home/csrobot/catkin_ws/devel/.private/uml_hri_nerve_pick_and_place/share/common-lisp/ros/uml_hri_nerve_pick_and_place/msg/uml_hri_nerve_pick_and_place-msg.asd, /home/csrobot/catkin_ws/devel/share/common-lisp/ros/uml_hri_nerve_pick_and_place/msg/uml_hri_nerve_pick_and_place-msg.asd)
Linked: (/home/csrobot/catkin_ws/devel/.private/uml_hri_nerve_pick_and_place/share/gennodejs/ros/uml_hri_nerve_pick_and_place/_index.js, /home/csrobot/catkin_ws/devel/share/gennodejs/ros/uml_hri_nerve_pick_and_place/_index.js)
Linked: (/home/csrobot/catkin_ws/devel/.private/uml_hri_nerve_pick_and_place/share/gennodejs/ros/uml_hri_nerve_pick_and_place/srv/AddTwoInts.js, /home/csrobot/catkin_ws/devel/share/gennodejs/ros/uml_hri_nerve_pick_and_place/srv/AddTwoInts.js)
Linked: (/home/csrobot/catkin_ws/devel/.private/uml_hri_nerve_pick_and_place/share/gennodejs/ros/uml_hri_nerve_pick_and_place/srv/_index.js, /home/csrobot/catkin_ws/devel/share/gennodejs/ros/uml_hri_nerve_pick_and_place/srv/_index.js)
Linked: (/home/csrobot/catkin_ws/devel/.private/uml_hri_nerve_pick_and_place/share/gennodejs/ros/uml_hri_nerve_pick_and_place/msg/Num.js, /home/csrobot/catkin_ws/devel/share/gennodejs/ros/uml_hri_nerve_pick_and_place/msg/Num.js)
Linked: (/home/csrobot/catkin_ws/devel/.private/uml_hri_nerve_pick_and_place/share/gennodejs/ros/uml_hri_nerve_pick_and_place/msg/_index.js, /home/csrobot/catkin_ws/devel/share/gennodejs/ros/uml_hri_nerve_pick_and_place/msg/_index.js)
Linked: (/home/csrobot/catkin_ws/devel/.private/uml_hri_nerve_pick_and_place/share/roseus/ros/uml_hri_nerve_pick_and_place/manifest.l, /home/csrobot/catkin_ws/devel/share/roseus/ros/uml_hri_nerve_pick_and_place/manifest.l)
Linked: (/home/csrobot/catkin_ws/devel/.private/uml_hri_nerve_pick_and_place/share/roseus/ros/uml_hri_nerve_pick_and_place/srv/AddTwoInts.l, /home/csrobot/catkin_ws/devel/share/roseus/ros/uml_hri_nerve_pick_and_place/srv/AddTwoInts.l)
Linked: (/home/csrobot/catkin_ws/devel/.private/uml_hri_nerve_pick_and_place/share/roseus/ros/uml_hri_nerve_pick_and_place/msg/Num.l, /home/csrobot/catkin_ws/devel/share/roseus/ros/uml_hri_nerve_pick_and_place/msg/Num.l)
