In file included from [01m[K/opt/ros/melodic/include/ros/ros.h:40:0[m[K,
                 from [01m[K/opt/ros/melodic/include/urdf/model.h:50[m[K,
                 from [01m[K/opt/ros/melodic/include/moveit/robot_model/robot_model.h:43[m[K,
                 from [01m[K/opt/ros/melodic/include/moveit/robot_state/robot_state.h:41[m[K,
                 from [01m[K/opt/ros/melodic/include/moveit/move_group_interface/move_group_interface.h:42[m[K,
                 from [01m[K/home/csrobot/catkin_ws/src/uml_hri_nerve_pick_and_place/include/manipulation_class.hpp:16[m[K,
                 from [01m[K/home/csrobot/catkin_ws/src/uml_hri_nerve_pick_and_place/src/functions/manipulation_class.cpp:12[m[K:
[01m[K/home/csrobot/catkin_ws/src/uml_hri_nerve_pick_and_place/src/functions/manipulation_class.cpp:[m[K In member function ‘[01m[Kvoid Manipulation::pick(std::vector<GraspPose>)[m[K’:
[01m[K/opt/ros/melodic/include/ros/console.h:348:176:[m[K [01;35m[Kwarning: [m[Kformat ‘[01m[K%f[m[K’ expects argument of type ‘[01m[Kdouble[m[K’, but argument 8 has type ‘[01m[Kint[m[K’ [[01;35m[K-Wformat=[m[K]
     ::ros::console::print(filter, __rosconsole_define_location__loc.logger_, __rosconsole_define_location__loc.level_, __FILE__, __LINE__, __ROSCONSOLE_FUNCTION__, __VA_ARGS__[01;35m[K)[m[K
                                                                                                                                                                                [01;35m[K^[m[K
[01m[K/opt/ros/melodic/include/ros/console.h:351:5:[m[K [01;36m[Knote: [m[Kin expansion of macro ‘[01m[KROSCONSOLE_PRINT_AT_LOCATION_WITH_FILTER[m[K’
     [01;36m[KROSCONSOLE_PRINT_AT_LOCATION_WITH_FILTER[m[K(NULL, __VA_ARGS__)
     [01;36m[K^~~~~~~~~~~~~~~~~~~~~~~~~~~~~~~~~~~~~~~~[m[K
[01m[K/opt/ros/melodic/include/ros/console.h:387:7:[m[K [01;36m[Knote: [m[Kin expansion of macro ‘[01m[KROSCONSOLE_PRINT_AT_LOCATION[m[K’
       [01;36m[KROSCONSOLE_PRINT_AT_LOCATION[m[K(__VA_ARGS__); \
       [01;36m[K^~~~~~~~~~~~~~~~~~~~~~~~~~~~[m[K
[01m[K/opt/ros/melodic/include/ros/console.h:572:35:[m[K [01;36m[Knote: [m[Kin expansion of macro ‘[01m[KROS_LOG_COND[m[K’
 #define ROS_LOG(level, name, ...) [01;36m[KROS_LOG_COND[m[K(true, level, name, __VA_ARGS__)
                                   [01;36m[K^~~~~~~~~~~~[m[K
[01m[K/opt/ros/melodic/include/rosconsole/macros_generated.h:110:23:[m[K [01;36m[Knote: [m[Kin expansion of macro ‘[01m[KROS_LOG[m[K’
 #define ROS_INFO(...) [01;36m[KROS_LOG[m[K(::ros::console::levels::Info, ROSCONSOLE_DEFAULT_NAME, __VA_ARGS__)
                       [01;36m[K^~~~~~~[m[K
[01m[K/home/csrobot/catkin_ws/src/uml_hri_nerve_pick_and_place/src/functions/manipulation_class.cpp:118:13:[m[K [01;36m[Knote: [m[Kin expansion of macro ‘[01m[KROS_INFO[m[K’
             [01;36m[KR[m[KOS_INFO("that was grasp candidate %f ...", i + 1);
             [01;36m[K^[m[K
In file included from [01m[K/home/csrobot/catkin_ws/src/uml_hri_nerve_pick_and_place/include/perception_class.hpp:21:0[m[K,
                 from [01m[K/home/csrobot/catkin_ws/src/uml_hri_nerve_pick_and_place/src/functions/perception_class.cpp:9[m[K:
[01m[K/usr/include/pcl-1.8/pcl/sample_consensus/model_types.h:[m[K In function ‘[01m[Kvoid __static_initialization_and_destruction_0(int, int)[m[K’:
[01m[K/usr/include/pcl-1.8/pcl/sample_consensus/model_types.h:99:3:[m[K [01;35m[Kwarning: [m[K‘[01m[Kpcl::SAC_SAMPLE_SIZE[m[K’ is deprecated: This map is deprecated and is kept only to prevent breaking existing user code. Starting from PCL 1.8.0 model sample size is a protected member of the SampleConsensusModel class [[01;35m[K-Wdeprecated-declarations[m[K]
   [01;35m[KSAC_SAMPLE_SIZE[m[K (sample_size_pairs, sample_size_pairs + sizeof (sample_size_pairs) / sizeof (SampleSizeModel));
   [01;35m[K^~~~~~~~~~~~~~~[m[K
[01m[K/usr/include/pcl-1.8/pcl/sample_consensus/model_types.h:99:3:[m[K [01;36m[Knote: [m[Kdeclared here
In file included from [01m[K/home/csrobot/catkin_ws/src/uml_hri_nerve_pick_and_place/include/perception_class.hpp:21:0[m[K,
                 from [01m[K/home/csrobot/catkin_ws/src/uml_hri_nerve_pick_and_place/src/nodes/pick_and_place.cpp:12[m[K:
[01m[K/usr/include/pcl-1.8/pcl/sample_consensus/model_types.h:[m[K In function ‘[01m[Kvoid __static_initialization_and_destruction_0(int, int)[m[K’:
[01m[K/usr/include/pcl-1.8/pcl/sample_consensus/model_types.h:99:3:[m[K [01;35m[Kwarning: [m[K‘[01m[Kpcl::SAC_SAMPLE_SIZE[m[K’ is deprecated: This map is deprecated and is kept only to prevent breaking existing user code. Starting from PCL 1.8.0 model sample size is a protected member of the SampleConsensusModel class [[01;35m[K-Wdeprecated-declarations[m[K]
   [01;35m[KSAC_SAMPLE_SIZE[m[K (sample_size_pairs, sample_size_pairs + sizeof (sample_size_pairs) / sizeof (SampleSizeModel));
   [01;35m[K^~~~~~~~~~~~~~~[m[K
[01m[K/usr/include/pcl-1.8/pcl/sample_consensus/model_types.h:99:3:[m[K [01;36m[Knote: [m[Kdeclared here
