Determining if the pthread_create exist failed with the following output:
Change Dir: /home/csrobot/catkin_ws/build/kortex_examples/CMakeFiles/CMakeTmp

Run Build Command:"/usr/bin/make" "cmTC_5a3ad/fast"
/usr/bin/make -f CMakeFiles/cmTC_5a3ad.dir/build.make CMakeFiles/cmTC_5a3ad.dir/build
make[1]: Entering directory '/home/csrobot/catkin_ws/build/kortex_examples/CMakeFiles/CMakeTmp'
Building C object CMakeFiles/cmTC_5a3ad.dir/CheckSymbolExists.c.o
/usr/bin/cc    -o CMakeFiles/cmTC_5a3ad.dir/CheckSymbolExists.c.o   -c /home/csrobot/catkin_ws/build/kortex_examples/CMakeFiles/CMakeTmp/CheckSymbolExists.c
Linking C executable cmTC_5a3ad
/usr/bin/cmake -E cmake_link_script CMakeFiles/cmTC_5a3ad.dir/link.txt --verbose=1
/usr/bin/cc      -rdynamic CMakeFiles/cmTC_5a3ad.dir/CheckSymbolExists.c.o  -o cmTC_5a3ad 
CMakeFiles/cmTC_5a3ad.dir/CheckSymbolExists.c.o: In function `main':
CheckSymbolExists.c:(.text+0x1b): undefined reference to `pthread_create'
collect2: error: ld returned 1 exit status
CMakeFiles/cmTC_5a3ad.dir/build.make:97: recipe for target 'cmTC_5a3ad' failed
make[1]: *** [cmTC_5a3ad] Error 1
make[1]: Leaving directory '/home/csrobot/catkin_ws/build/kortex_examples/CMakeFiles/CMakeTmp'
Makefile:126: recipe for target 'cmTC_5a3ad/fast' failed
make: *** [cmTC_5a3ad/fast] Error 2

File /home/csrobot/catkin_ws/build/kortex_examples/CMakeFiles/CMakeTmp/CheckSymbolExists.c:
/* */
#include <pthread.h>

int main(int argc, char** argv)
{
  (void)argv;
#ifndef pthread_create
  return ((int*)(&pthread_create))[argc];
#else
  (void)argc;
  return 0;
#endif
}

Determining if the function pthread_create exists in the pthreads failed with the following output:
Change Dir: /home/csrobot/catkin_ws/build/kortex_examples/CMakeFiles/CMakeTmp

Run Build Command:"/usr/bin/make" "cmTC_168ef/fast"
/usr/bin/make -f CMakeFiles/cmTC_168ef.dir/build.make CMakeFiles/cmTC_168ef.dir/build
make[1]: Entering directory '/home/csrobot/catkin_ws/build/kortex_examples/CMakeFiles/CMakeTmp'
Building C object CMakeFiles/cmTC_168ef.dir/CheckFunctionExists.c.o
/usr/bin/cc   -DCHECK_FUNCTION_EXISTS=pthread_create   -o CMakeFiles/cmTC_168ef.dir/CheckFunctionExists.c.o   -c /usr/share/cmake-3.10/Modules/CheckFunctionExists.c
Linking C executable cmTC_168ef
/usr/bin/cmake -E cmake_link_script CMakeFiles/cmTC_168ef.dir/link.txt --verbose=1
/usr/bin/cc  -DCHECK_FUNCTION_EXISTS=pthread_create    -rdynamic CMakeFiles/cmTC_168ef.dir/CheckFunctionExists.c.o  -o cmTC_168ef -lpthreads 
/usr/bin/ld: cannot find -lpthreads
collect2: error: ld returned 1 exit status
CMakeFiles/cmTC_168ef.dir/build.make:97: recipe for target 'cmTC_168ef' failed
make[1]: *** [cmTC_168ef] Error 1
make[1]: Leaving directory '/home/csrobot/catkin_ws/build/kortex_examples/CMakeFiles/CMakeTmp'
Makefile:126: recipe for target 'cmTC_168ef/fast' failed
make: *** [cmTC_168ef/fast] Error 2


