Determining if the pthread_create exist failed with the following output:
Change Dir: /home/csrobot/catkin_ws/build/stretch_demos/CMakeFiles/CMakeTmp

Run Build Command:"/usr/bin/make" "cmTC_75f07/fast"
/usr/bin/make -f CMakeFiles/cmTC_75f07.dir/build.make CMakeFiles/cmTC_75f07.dir/build
make[1]: Entering directory '/home/csrobot/catkin_ws/build/stretch_demos/CMakeFiles/CMakeTmp'
Building C object CMakeFiles/cmTC_75f07.dir/CheckSymbolExists.c.o
/usr/bin/cc    -o CMakeFiles/cmTC_75f07.dir/CheckSymbolExists.c.o   -c /home/csrobot/catkin_ws/build/stretch_demos/CMakeFiles/CMakeTmp/CheckSymbolExists.c
Linking C executable cmTC_75f07
/usr/bin/cmake -E cmake_link_script CMakeFiles/cmTC_75f07.dir/link.txt --verbose=1
/usr/bin/cc      -rdynamic CMakeFiles/cmTC_75f07.dir/CheckSymbolExists.c.o  -o cmTC_75f07 
CMakeFiles/cmTC_75f07.dir/CheckSymbolExists.c.o: In function `main':
CheckSymbolExists.c:(.text+0x1b): undefined reference to `pthread_create'
collect2: error: ld returned 1 exit status
CMakeFiles/cmTC_75f07.dir/build.make:97: recipe for target 'cmTC_75f07' failed
make[1]: *** [cmTC_75f07] Error 1
make[1]: Leaving directory '/home/csrobot/catkin_ws/build/stretch_demos/CMakeFiles/CMakeTmp'
Makefile:126: recipe for target 'cmTC_75f07/fast' failed
make: *** [cmTC_75f07/fast] Error 2

File /home/csrobot/catkin_ws/build/stretch_demos/CMakeFiles/CMakeTmp/CheckSymbolExists.c:
/* */
#include <pthread.h>

int main(int argc, char** argv)
{
  (void)argv;
#ifndef pthread_create
  return ((int*)(&pthread_create))[argc];
#else
  (void)argc;
  return 0;
#endif
}

Determining if the function pthread_create exists in the pthreads failed with the following output:
Change Dir: /home/csrobot/catkin_ws/build/stretch_demos/CMakeFiles/CMakeTmp

Run Build Command:"/usr/bin/make" "cmTC_359d0/fast"
/usr/bin/make -f CMakeFiles/cmTC_359d0.dir/build.make CMakeFiles/cmTC_359d0.dir/build
make[1]: Entering directory '/home/csrobot/catkin_ws/build/stretch_demos/CMakeFiles/CMakeTmp'
Building C object CMakeFiles/cmTC_359d0.dir/CheckFunctionExists.c.o
/usr/bin/cc   -DCHECK_FUNCTION_EXISTS=pthread_create   -o CMakeFiles/cmTC_359d0.dir/CheckFunctionExists.c.o   -c /usr/share/cmake-3.10/Modules/CheckFunctionExists.c
Linking C executable cmTC_359d0
/usr/bin/cmake -E cmake_link_script CMakeFiles/cmTC_359d0.dir/link.txt --verbose=1
/usr/bin/cc  -DCHECK_FUNCTION_EXISTS=pthread_create    -rdynamic CMakeFiles/cmTC_359d0.dir/CheckFunctionExists.c.o  -o cmTC_359d0 -lpthreads 
/usr/bin/ld: cannot find -lpthreads
collect2: error: ld returned 1 exit status
CMakeFiles/cmTC_359d0.dir/build.make:97: recipe for target 'cmTC_359d0' failed
make[1]: *** [cmTC_359d0] Error 1
make[1]: Leaving directory '/home/csrobot/catkin_ws/build/stretch_demos/CMakeFiles/CMakeTmp'
Makefile:126: recipe for target 'cmTC_359d0/fast' failed
make: *** [cmTC_359d0/fast] Error 2


