[  0%] Built target geometry_msgs_generate_messages_lisp
[  0%] Built target _kinova_msgs_generate_messages_check_deps_Arm_KinovaPoseFeedback
[  0%] Built target _kinova_msgs_generate_messages_check_deps_ArmJointAnglesActionFeedback
[  0%] Built target _kinova_msgs_generate_messages_check_deps_SetFingersPositionActionGoal
[  0%] Built target _kinova_msgs_generate_messages_check_deps_SetEndEffectorOffset
[  0%] Built target _kinova_msgs_generate_messages_check_deps_ZeroTorques
[  0%] Built target _kinova_msgs_generate_messages_check_deps_SetForceControlParams
[  0%] Built target _kinova_msgs_generate_messages_check_deps_SetFingersPositionGoal
[  0%] Built target _kinova_msgs_generate_messages_check_deps_ArmJointAnglesActionResult
[  0%] Built target _kinova_msgs_generate_messages_check_deps_PoseVelocity
[  0%] Built target _kinova_msgs_generate_messages_check_deps_SetNullSpaceModeState
[  0%] Built target _kinova_msgs_generate_messages_check_deps_SetFingersPositionResult
[  0%] Built target _kinova_msgs_generate_messages_check_deps_Arm_KinovaPoseAction
[  0%] Built target _kinova_msgs_generate_messages_check_deps_ArmJointAnglesGoal
[  0%] Built target _kinova_msgs_generate_messages_check_deps_ArmJointAnglesResult
[  0%] Built target _kinova_msgs_generate_messages_check_deps_SetTorqueControlParameters
[  0%] Built target _kinova_msgs_generate_messages_check_deps_ArmJointAnglesFeedback
[  0%] Built target _kinova_msgs_generate_messages_check_deps_ArmPoseAction
[  0%] Built target _kinova_msgs_generate_messages_check_deps_ArmPoseResult
[  0%] Built target _kinova_msgs_generate_messages_check_deps_Start
[  0%] Built target _kinova_msgs_generate_messages_check_deps_FingerPosition
[  0%] Built target _kinova_msgs_generate_messages_check_deps_SetFingersPositionActionResult
[  0%] Built target _kinova_msgs_generate_messages_check_deps_RunCOMParametersEstimation
[  0%] Built target _kinova_msgs_generate_messages_check_deps_JointTorque
[  0%] Built target _kinova_msgs_generate_messages_check_deps_ClearTrajectories
[  0%] Built target _kinova_msgs_generate_messages_check_deps_KinovaPose
[  0%] Built target _kinova_msgs_generate_messages_check_deps_JointAngles
[  0%] Built target _kinova_msgs_generate_messages_check_deps_HomeArm
[  0%] Built target _kinova_msgs_generate_messages_check_deps_ArmPoseActionResult
[  0%] Built target _kinova_msgs_generate_messages_check_deps_SetTorqueControlMode
[  0%] Built target _kinova_msgs_generate_messages_check_deps_SetFingersPositionAction
[  0%] Built target _kinova_msgs_generate_messages_check_deps_CartesianForce
[  0%] Built target _kinova_msgs_generate_messages_check_deps_JointVelocity
[  0%] Built target _kinova_msgs_generate_messages_check_deps_Arm_KinovaPoseGoal
[  0%] Built target _kinova_msgs_generate_messages_check_deps_Arm_KinovaPoseActionGoal
[  0%] Built target _kinova_msgs_generate_messages_check_deps_AddPoseToCartesianTrajectory
[  0%] Built target _kinova_msgs_generate_messages_check_deps_ArmPoseGoal
[  0%] Built target _kinova_msgs_generate_messages_check_deps_Arm_KinovaPoseActionFeedback
[  0%] Built target _kinova_msgs_generate_messages_check_deps_ArmPoseFeedback
[  0%] Built target actionlib_msgs_generate_messages_lisp
[  0%] Built target _kinova_msgs_generate_messages_check_deps_PoseVelocityWithFingers
[  0%] Built target actionlib_msgs_generate_messages_nodejs
[  0%] Built target geometry_msgs_generate_messages_eus
[  0%] Built target geometry_msgs_generate_messages_nodejs
[  0%] Built target _kinova_msgs_generate_messages_check_deps_Stop
[  0%] Built target geometry_msgs_generate_messages_cpp
[  0%] Built target actionlib_msgs_generate_messages_eus
[  0%] Built target _kinova_msgs_generate_messages_check_deps_ArmJointAnglesAction
[  0%] Built target _kinova_msgs_generate_messages_check_deps_ArmJointAnglesActionGoal
[  0%] Built target _kinova_msgs_generate_messages_check_deps_SetFingersPositionFeedback
[  0%] Built target actionlib_msgs_generate_messages_cpp
[  0%] Built target _kinova_msgs_generate_messages_check_deps_Arm_KinovaPoseResult
[  0%] Built target _kinova_msgs_generate_messages_check_deps_Arm_KinovaPoseActionResult
[  0%] Built target _kinova_msgs_generate_messages_check_deps_ArmPoseActionGoal
[  0%] Built target geometry_msgs_generate_messages_py
[  0%] Built target _kinova_msgs_generate_messages_check_deps_SetFingersPositionActionFeedback
[  0%] Built target actionlib_msgs_generate_messages_py
[  0%] Built target _kinova_msgs_generate_messages_check_deps_ArmPoseActionFeedback
[ 19%] Built target kinova_msgs_generate_messages_cpp
[ 54%] Built target kinova_msgs_generate_messages_nodejs
[ 59%] Built target kinova_msgs_generate_messages_eus
[ 80%] Built target kinova_msgs_generate_messages_py
[100%] Built target kinova_msgs_generate_messages_lisp
[100%] Built target kinova_msgs_generate_messages
