Determining if the pthread_create exist failed with the following output:
Change Dir: /home/csrobot/catkin_ws/build/stretch_deep_perception/CMakeFiles/CMakeTmp

Run Build Command:"/usr/bin/make" "cmTC_fcd7f/fast"
/usr/bin/make -f CMakeFiles/cmTC_fcd7f.dir/build.make CMakeFiles/cmTC_fcd7f.dir/build
make[1]: Entering directory '/home/csrobot/catkin_ws/build/stretch_deep_perception/CMakeFiles/CMakeTmp'
Building C object CMakeFiles/cmTC_fcd7f.dir/CheckSymbolExists.c.o
/usr/bin/cc    -o CMakeFiles/cmTC_fcd7f.dir/CheckSymbolExists.c.o   -c /home/csrobot/catkin_ws/build/stretch_deep_perception/CMakeFiles/CMakeTmp/CheckSymbolExists.c
Linking C executable cmTC_fcd7f
/usr/bin/cmake -E cmake_link_script CMakeFiles/cmTC_fcd7f.dir/link.txt --verbose=1
/usr/bin/cc      -rdynamic CMakeFiles/cmTC_fcd7f.dir/CheckSymbolExists.c.o  -o cmTC_fcd7f 
CMakeFiles/cmTC_fcd7f.dir/CheckSymbolExists.c.o: In function `main':
CheckSymbolExists.c:(.text+0x1b): undefined reference to `pthread_create'
collect2: error: ld returned 1 exit status
CMakeFiles/cmTC_fcd7f.dir/build.make:97: recipe for target 'cmTC_fcd7f' failed
make[1]: *** [cmTC_fcd7f] Error 1
make[1]: Leaving directory '/home/csrobot/catkin_ws/build/stretch_deep_perception/CMakeFiles/CMakeTmp'
Makefile:126: recipe for target 'cmTC_fcd7f/fast' failed
make: *** [cmTC_fcd7f/fast] Error 2

File /home/csrobot/catkin_ws/build/stretch_deep_perception/CMakeFiles/CMakeTmp/CheckSymbolExists.c:
/* */
#include <pthread.h>

int main(int argc, char** argv)
{
  (void)argv;
#ifndef pthread_create
  return ((int*)(&pthread_create))[argc];
#else
  (void)argc;
  return 0;
#endif
}

Determining if the function pthread_create exists in the pthreads failed with the following output:
Change Dir: /home/csrobot/catkin_ws/build/stretch_deep_perception/CMakeFiles/CMakeTmp

Run Build Command:"/usr/bin/make" "cmTC_e03eb/fast"
/usr/bin/make -f CMakeFiles/cmTC_e03eb.dir/build.make CMakeFiles/cmTC_e03eb.dir/build
make[1]: Entering directory '/home/csrobot/catkin_ws/build/stretch_deep_perception/CMakeFiles/CMakeTmp'
Building C object CMakeFiles/cmTC_e03eb.dir/CheckFunctionExists.c.o
/usr/bin/cc   -DCHECK_FUNCTION_EXISTS=pthread_create   -o CMakeFiles/cmTC_e03eb.dir/CheckFunctionExists.c.o   -c /usr/share/cmake-3.10/Modules/CheckFunctionExists.c
Linking C executable cmTC_e03eb
/usr/bin/cmake -E cmake_link_script CMakeFiles/cmTC_e03eb.dir/link.txt --verbose=1
/usr/bin/cc  -DCHECK_FUNCTION_EXISTS=pthread_create    -rdynamic CMakeFiles/cmTC_e03eb.dir/CheckFunctionExists.c.o  -o cmTC_e03eb -lpthreads 
/usr/bin/ld: cannot find -lpthreads
collect2: error: ld returned 1 exit status
CMakeFiles/cmTC_e03eb.dir/build.make:97: recipe for target 'cmTC_e03eb' failed
make[1]: *** [cmTC_e03eb] Error 1
make[1]: Leaving directory '/home/csrobot/catkin_ws/build/stretch_deep_perception/CMakeFiles/CMakeTmp'
Makefile:126: recipe for target 'cmTC_e03eb/fast' failed
make: *** [cmTC_e03eb/fast] Error 2


