Determining if the pthread_create exist failed with the following output:
Change Dir: /home/csrobot/catkin_ws/build/ur_driver/CMakeFiles/CMakeTmp

Run Build Command:"/usr/bin/make" "cmTC_38b8e/fast"
/usr/bin/make -f CMakeFiles/cmTC_38b8e.dir/build.make CMakeFiles/cmTC_38b8e.dir/build
make[1]: Entering directory '/home/csrobot/catkin_ws/build/ur_driver/CMakeFiles/CMakeTmp'
Building C object CMakeFiles/cmTC_38b8e.dir/CheckSymbolExists.c.o
/usr/bin/cc    -o CMakeFiles/cmTC_38b8e.dir/CheckSymbolExists.c.o   -c /home/csrobot/catkin_ws/build/ur_driver/CMakeFiles/CMakeTmp/CheckSymbolExists.c
Linking C executable cmTC_38b8e
/usr/bin/cmake -E cmake_link_script CMakeFiles/cmTC_38b8e.dir/link.txt --verbose=1
/usr/bin/cc      -rdynamic CMakeFiles/cmTC_38b8e.dir/CheckSymbolExists.c.o  -o cmTC_38b8e 
CMakeFiles/cmTC_38b8e.dir/CheckSymbolExists.c.o: In function `main':
CheckSymbolExists.c:(.text+0x1b): undefined reference to `pthread_create'
collect2: error: ld returned 1 exit status
CMakeFiles/cmTC_38b8e.dir/build.make:97: recipe for target 'cmTC_38b8e' failed
make[1]: *** [cmTC_38b8e] Error 1
make[1]: Leaving directory '/home/csrobot/catkin_ws/build/ur_driver/CMakeFiles/CMakeTmp'
Makefile:126: recipe for target 'cmTC_38b8e/fast' failed
make: *** [cmTC_38b8e/fast] Error 2

File /home/csrobot/catkin_ws/build/ur_driver/CMakeFiles/CMakeTmp/CheckSymbolExists.c:
/* */
#include <pthread.h>

int main(int argc, char** argv)
{
  (void)argv;
#ifndef pthread_create
  return ((int*)(&pthread_create))[argc];
#else
  (void)argc;
  return 0;
#endif
}

Determining if the function pthread_create exists in the pthreads failed with the following output:
Change Dir: /home/csrobot/catkin_ws/build/ur_driver/CMakeFiles/CMakeTmp

Run Build Command:"/usr/bin/make" "cmTC_6cdba/fast"
/usr/bin/make -f CMakeFiles/cmTC_6cdba.dir/build.make CMakeFiles/cmTC_6cdba.dir/build
make[1]: Entering directory '/home/csrobot/catkin_ws/build/ur_driver/CMakeFiles/CMakeTmp'
Building C object CMakeFiles/cmTC_6cdba.dir/CheckFunctionExists.c.o
/usr/bin/cc   -DCHECK_FUNCTION_EXISTS=pthread_create   -o CMakeFiles/cmTC_6cdba.dir/CheckFunctionExists.c.o   -c /usr/share/cmake-3.10/Modules/CheckFunctionExists.c
Linking C executable cmTC_6cdba
/usr/bin/cmake -E cmake_link_script CMakeFiles/cmTC_6cdba.dir/link.txt --verbose=1
/usr/bin/cc  -DCHECK_FUNCTION_EXISTS=pthread_create    -rdynamic CMakeFiles/cmTC_6cdba.dir/CheckFunctionExists.c.o  -o cmTC_6cdba -lpthreads 
/usr/bin/ld: cannot find -lpthreads
collect2: error: ld returned 1 exit status
CMakeFiles/cmTC_6cdba.dir/build.make:97: recipe for target 'cmTC_6cdba' failed
make[1]: *** [cmTC_6cdba] Error 1
make[1]: Leaving directory '/home/csrobot/catkin_ws/build/ur_driver/CMakeFiles/CMakeTmp'
Makefile:126: recipe for target 'cmTC_6cdba/fast' failed
make: *** [cmTC_6cdba/fast] Error 2


