Determining if the pthread_create exist failed with the following output:
Change Dir: /home/csrobot/catkin_ws/build/stretch_navigation/CMakeFiles/CMakeTmp

Run Build Command:"/usr/bin/make" "cmTC_02cff/fast"
/usr/bin/make -f CMakeFiles/cmTC_02cff.dir/build.make CMakeFiles/cmTC_02cff.dir/build
make[1]: Entering directory '/home/csrobot/catkin_ws/build/stretch_navigation/CMakeFiles/CMakeTmp'
Building C object CMakeFiles/cmTC_02cff.dir/CheckSymbolExists.c.o
/usr/bin/cc    -o CMakeFiles/cmTC_02cff.dir/CheckSymbolExists.c.o   -c /home/csrobot/catkin_ws/build/stretch_navigation/CMakeFiles/CMakeTmp/CheckSymbolExists.c
Linking C executable cmTC_02cff
/usr/bin/cmake -E cmake_link_script CMakeFiles/cmTC_02cff.dir/link.txt --verbose=1
/usr/bin/cc      -rdynamic CMakeFiles/cmTC_02cff.dir/CheckSymbolExists.c.o  -o cmTC_02cff 
CMakeFiles/cmTC_02cff.dir/CheckSymbolExists.c.o: In function `main':
CheckSymbolExists.c:(.text+0x1b): undefined reference to `pthread_create'
collect2: error: ld returned 1 exit status
CMakeFiles/cmTC_02cff.dir/build.make:97: recipe for target 'cmTC_02cff' failed
make[1]: *** [cmTC_02cff] Error 1
make[1]: Leaving directory '/home/csrobot/catkin_ws/build/stretch_navigation/CMakeFiles/CMakeTmp'
Makefile:126: recipe for target 'cmTC_02cff/fast' failed
make: *** [cmTC_02cff/fast] Error 2

File /home/csrobot/catkin_ws/build/stretch_navigation/CMakeFiles/CMakeTmp/CheckSymbolExists.c:
/* */
#include <pthread.h>

int main(int argc, char** argv)
{
  (void)argv;
#ifndef pthread_create
  return ((int*)(&pthread_create))[argc];
#else
  (void)argc;
  return 0;
#endif
}

Determining if the function pthread_create exists in the pthreads failed with the following output:
Change Dir: /home/csrobot/catkin_ws/build/stretch_navigation/CMakeFiles/CMakeTmp

Run Build Command:"/usr/bin/make" "cmTC_90b2a/fast"
/usr/bin/make -f CMakeFiles/cmTC_90b2a.dir/build.make CMakeFiles/cmTC_90b2a.dir/build
make[1]: Entering directory '/home/csrobot/catkin_ws/build/stretch_navigation/CMakeFiles/CMakeTmp'
Building C object CMakeFiles/cmTC_90b2a.dir/CheckFunctionExists.c.o
/usr/bin/cc   -DCHECK_FUNCTION_EXISTS=pthread_create   -o CMakeFiles/cmTC_90b2a.dir/CheckFunctionExists.c.o   -c /usr/share/cmake-3.10/Modules/CheckFunctionExists.c
Linking C executable cmTC_90b2a
/usr/bin/cmake -E cmake_link_script CMakeFiles/cmTC_90b2a.dir/link.txt --verbose=1
/usr/bin/cc  -DCHECK_FUNCTION_EXISTS=pthread_create    -rdynamic CMakeFiles/cmTC_90b2a.dir/CheckFunctionExists.c.o  -o cmTC_90b2a -lpthreads 
/usr/bin/ld: cannot find -lpthreads
collect2: error: ld returned 1 exit status
CMakeFiles/cmTC_90b2a.dir/build.make:97: recipe for target 'cmTC_90b2a' failed
make[1]: *** [cmTC_90b2a] Error 1
make[1]: Leaving directory '/home/csrobot/catkin_ws/build/stretch_navigation/CMakeFiles/CMakeTmp'
Makefile:126: recipe for target 'cmTC_90b2a/fast' failed
make: *** [cmTC_90b2a/fast] Error 2


