Determining if the pthread_create exist failed with the following output:
Change Dir: /home/csrobot/catkin_ws/build/j2s7s300_moveit_config/CMakeFiles/CMakeTmp

Run Build Command:"/usr/bin/make" "cmTC_a1019/fast"
/usr/bin/make -f CMakeFiles/cmTC_a1019.dir/build.make CMakeFiles/cmTC_a1019.dir/build
make[1]: Entering directory '/home/csrobot/catkin_ws/build/j2s7s300_moveit_config/CMakeFiles/CMakeTmp'
Building C object CMakeFiles/cmTC_a1019.dir/CheckSymbolExists.c.o
/usr/bin/cc    -o CMakeFiles/cmTC_a1019.dir/CheckSymbolExists.c.o   -c /home/csrobot/catkin_ws/build/j2s7s300_moveit_config/CMakeFiles/CMakeTmp/CheckSymbolExists.c
Linking C executable cmTC_a1019
/usr/bin/cmake -E cmake_link_script CMakeFiles/cmTC_a1019.dir/link.txt --verbose=1
/usr/bin/cc      -rdynamic CMakeFiles/cmTC_a1019.dir/CheckSymbolExists.c.o  -o cmTC_a1019 
CMakeFiles/cmTC_a1019.dir/CheckSymbolExists.c.o: In function `main':
CheckSymbolExists.c:(.text+0x1b): undefined reference to `pthread_create'
collect2: error: ld returned 1 exit status
CMakeFiles/cmTC_a1019.dir/build.make:97: recipe for target 'cmTC_a1019' failed
make[1]: *** [cmTC_a1019] Error 1
make[1]: Leaving directory '/home/csrobot/catkin_ws/build/j2s7s300_moveit_config/CMakeFiles/CMakeTmp'
Makefile:126: recipe for target 'cmTC_a1019/fast' failed
make: *** [cmTC_a1019/fast] Error 2

File /home/csrobot/catkin_ws/build/j2s7s300_moveit_config/CMakeFiles/CMakeTmp/CheckSymbolExists.c:
/* */
#include <pthread.h>

int main(int argc, char** argv)
{
  (void)argv;
#ifndef pthread_create
  return ((int*)(&pthread_create))[argc];
#else
  (void)argc;
  return 0;
#endif
}

Determining if the function pthread_create exists in the pthreads failed with the following output:
Change Dir: /home/csrobot/catkin_ws/build/j2s7s300_moveit_config/CMakeFiles/CMakeTmp

Run Build Command:"/usr/bin/make" "cmTC_f658c/fast"
/usr/bin/make -f CMakeFiles/cmTC_f658c.dir/build.make CMakeFiles/cmTC_f658c.dir/build
make[1]: Entering directory '/home/csrobot/catkin_ws/build/j2s7s300_moveit_config/CMakeFiles/CMakeTmp'
Building C object CMakeFiles/cmTC_f658c.dir/CheckFunctionExists.c.o
/usr/bin/cc   -DCHECK_FUNCTION_EXISTS=pthread_create   -o CMakeFiles/cmTC_f658c.dir/CheckFunctionExists.c.o   -c /usr/share/cmake-3.10/Modules/CheckFunctionExists.c
Linking C executable cmTC_f658c
/usr/bin/cmake -E cmake_link_script CMakeFiles/cmTC_f658c.dir/link.txt --verbose=1
/usr/bin/cc  -DCHECK_FUNCTION_EXISTS=pthread_create    -rdynamic CMakeFiles/cmTC_f658c.dir/CheckFunctionExists.c.o  -o cmTC_f658c -lpthreads 
/usr/bin/ld: cannot find -lpthreads
collect2: error: ld returned 1 exit status
CMakeFiles/cmTC_f658c.dir/build.make:97: recipe for target 'cmTC_f658c' failed
make[1]: *** [cmTC_f658c] Error 1
make[1]: Leaving directory '/home/csrobot/catkin_ws/build/j2s7s300_moveit_config/CMakeFiles/CMakeTmp'
Makefile:126: recipe for target 'cmTC_f658c/fast' failed
make: *** [cmTC_f658c/fast] Error 2


