Determining if the pthread_create exist failed with the following output:
Change Dir: /home/csrobot/catkin_ws/build/uml_hri_nerve_armada_workstation/CMakeFiles/CMakeTmp

Run Build Command:"/usr/bin/make" "cmTC_c18cf/fast"
/usr/bin/make -f CMakeFiles/cmTC_c18cf.dir/build.make CMakeFiles/cmTC_c18cf.dir/build
make[1]: Entering directory '/home/csrobot/catkin_ws/build/uml_hri_nerve_armada_workstation/CMakeFiles/CMakeTmp'
Building C object CMakeFiles/cmTC_c18cf.dir/CheckSymbolExists.c.o
/usr/bin/cc    -o CMakeFiles/cmTC_c18cf.dir/CheckSymbolExists.c.o   -c /home/csrobot/catkin_ws/build/uml_hri_nerve_armada_workstation/CMakeFiles/CMakeTmp/CheckSymbolExists.c
Linking C executable cmTC_c18cf
/usr/bin/cmake -E cmake_link_script CMakeFiles/cmTC_c18cf.dir/link.txt --verbose=1
/usr/bin/cc      -rdynamic CMakeFiles/cmTC_c18cf.dir/CheckSymbolExists.c.o  -o cmTC_c18cf 
CMakeFiles/cmTC_c18cf.dir/CheckSymbolExists.c.o: In function `main':
CheckSymbolExists.c:(.text+0x1b): undefined reference to `pthread_create'
collect2: error: ld returned 1 exit status
CMakeFiles/cmTC_c18cf.dir/build.make:97: recipe for target 'cmTC_c18cf' failed
make[1]: *** [cmTC_c18cf] Error 1
make[1]: Leaving directory '/home/csrobot/catkin_ws/build/uml_hri_nerve_armada_workstation/CMakeFiles/CMakeTmp'
Makefile:126: recipe for target 'cmTC_c18cf/fast' failed
make: *** [cmTC_c18cf/fast] Error 2

File /home/csrobot/catkin_ws/build/uml_hri_nerve_armada_workstation/CMakeFiles/CMakeTmp/CheckSymbolExists.c:
/* */
#include <pthread.h>

int main(int argc, char** argv)
{
  (void)argv;
#ifndef pthread_create
  return ((int*)(&pthread_create))[argc];
#else
  (void)argc;
  return 0;
#endif
}

Determining if the function pthread_create exists in the pthreads failed with the following output:
Change Dir: /home/csrobot/catkin_ws/build/uml_hri_nerve_armada_workstation/CMakeFiles/CMakeTmp

Run Build Command:"/usr/bin/make" "cmTC_49a55/fast"
/usr/bin/make -f CMakeFiles/cmTC_49a55.dir/build.make CMakeFiles/cmTC_49a55.dir/build
make[1]: Entering directory '/home/csrobot/catkin_ws/build/uml_hri_nerve_armada_workstation/CMakeFiles/CMakeTmp'
Building C object CMakeFiles/cmTC_49a55.dir/CheckFunctionExists.c.o
/usr/bin/cc   -DCHECK_FUNCTION_EXISTS=pthread_create   -o CMakeFiles/cmTC_49a55.dir/CheckFunctionExists.c.o   -c /usr/share/cmake-3.10/Modules/CheckFunctionExists.c
Linking C executable cmTC_49a55
/usr/bin/cmake -E cmake_link_script CMakeFiles/cmTC_49a55.dir/link.txt --verbose=1
/usr/bin/cc  -DCHECK_FUNCTION_EXISTS=pthread_create    -rdynamic CMakeFiles/cmTC_49a55.dir/CheckFunctionExists.c.o  -o cmTC_49a55 -lpthreads 
/usr/bin/ld: cannot find -lpthreads
collect2: error: ld returned 1 exit status
CMakeFiles/cmTC_49a55.dir/build.make:97: recipe for target 'cmTC_49a55' failed
make[1]: *** [cmTC_49a55] Error 1
make[1]: Leaving directory '/home/csrobot/catkin_ws/build/uml_hri_nerve_armada_workstation/CMakeFiles/CMakeTmp'
Makefile:126: recipe for target 'cmTC_49a55/fast' failed
make: *** [cmTC_49a55/fast] Error 2


