Determining if the pthread_create exist failed with the following output:
Change Dir: /home/csrobot/catkin_ws/build/j2s6s300_moveit_config/CMakeFiles/CMakeTmp

Run Build Command:"/usr/bin/make" "cmTC_ca848/fast"
/usr/bin/make -f CMakeFiles/cmTC_ca848.dir/build.make CMakeFiles/cmTC_ca848.dir/build
make[1]: Entering directory '/home/csrobot/catkin_ws/build/j2s6s300_moveit_config/CMakeFiles/CMakeTmp'
Building C object CMakeFiles/cmTC_ca848.dir/CheckSymbolExists.c.o
/usr/bin/cc    -o CMakeFiles/cmTC_ca848.dir/CheckSymbolExists.c.o   -c /home/csrobot/catkin_ws/build/j2s6s300_moveit_config/CMakeFiles/CMakeTmp/CheckSymbolExists.c
Linking C executable cmTC_ca848
/usr/bin/cmake -E cmake_link_script CMakeFiles/cmTC_ca848.dir/link.txt --verbose=1
/usr/bin/cc      -rdynamic CMakeFiles/cmTC_ca848.dir/CheckSymbolExists.c.o  -o cmTC_ca848 
CMakeFiles/cmTC_ca848.dir/CheckSymbolExists.c.o: In function `main':
CheckSymbolExists.c:(.text+0x1b): undefined reference to `pthread_create'
collect2: error: ld returned 1 exit status
CMakeFiles/cmTC_ca848.dir/build.make:97: recipe for target 'cmTC_ca848' failed
make[1]: *** [cmTC_ca848] Error 1
make[1]: Leaving directory '/home/csrobot/catkin_ws/build/j2s6s300_moveit_config/CMakeFiles/CMakeTmp'
Makefile:126: recipe for target 'cmTC_ca848/fast' failed
make: *** [cmTC_ca848/fast] Error 2

File /home/csrobot/catkin_ws/build/j2s6s300_moveit_config/CMakeFiles/CMakeTmp/CheckSymbolExists.c:
/* */
#include <pthread.h>

int main(int argc, char** argv)
{
  (void)argv;
#ifndef pthread_create
  return ((int*)(&pthread_create))[argc];
#else
  (void)argc;
  return 0;
#endif
}

Determining if the function pthread_create exists in the pthreads failed with the following output:
Change Dir: /home/csrobot/catkin_ws/build/j2s6s300_moveit_config/CMakeFiles/CMakeTmp

Run Build Command:"/usr/bin/make" "cmTC_c3bda/fast"
/usr/bin/make -f CMakeFiles/cmTC_c3bda.dir/build.make CMakeFiles/cmTC_c3bda.dir/build
make[1]: Entering directory '/home/csrobot/catkin_ws/build/j2s6s300_moveit_config/CMakeFiles/CMakeTmp'
Building C object CMakeFiles/cmTC_c3bda.dir/CheckFunctionExists.c.o
/usr/bin/cc   -DCHECK_FUNCTION_EXISTS=pthread_create   -o CMakeFiles/cmTC_c3bda.dir/CheckFunctionExists.c.o   -c /usr/share/cmake-3.10/Modules/CheckFunctionExists.c
Linking C executable cmTC_c3bda
/usr/bin/cmake -E cmake_link_script CMakeFiles/cmTC_c3bda.dir/link.txt --verbose=1
/usr/bin/cc  -DCHECK_FUNCTION_EXISTS=pthread_create    -rdynamic CMakeFiles/cmTC_c3bda.dir/CheckFunctionExists.c.o  -o cmTC_c3bda -lpthreads 
/usr/bin/ld: cannot find -lpthreads
collect2: error: ld returned 1 exit status
CMakeFiles/cmTC_c3bda.dir/build.make:97: recipe for target 'cmTC_c3bda' failed
make[1]: *** [cmTC_c3bda] Error 1
make[1]: Leaving directory '/home/csrobot/catkin_ws/build/j2s6s300_moveit_config/CMakeFiles/CMakeTmp'
Makefile:126: recipe for target 'cmTC_c3bda/fast' failed
make: *** [cmTC_c3bda/fast] Error 2


