[  0%] Built target sensor_msgs_generate_messages_eus
[  0%] Built target sensor_msgs_generate_messages_cpp
[  0%] Built target std_msgs_generate_messages_py
[  0%] Built target std_msgs_generate_messages_nodejs
[  0%] Built target rosgraph_msgs_generate_messages_py
[  0%] Built target geometry_msgs_generate_messages_py
[  0%] Built target std_msgs_generate_messages_lisp
[  0%] Built target std_msgs_generate_messages_cpp
[  0%] Built target std_msgs_generate_messages_eus
[  0%] Built target rosgraph_msgs_generate_messages_nodejs
[  0%] Built target sensor_msgs_generate_messages_py
[  0%] Built target roscpp_generate_messages_lisp
[  0%] Built target roscpp_generate_messages_py
[  0%] Built target geometry_msgs_generate_messages_lisp
[  0%] Built target geometry_msgs_generate_messages_nodejs
[  0%] Built target geometry_msgs_generate_messages_cpp
[  0%] Built target geometry_msgs_generate_messages_eus
[  0%] Built target roscpp_generate_messages_eus
[  0%] Built target roscpp_generate_messages_nodejs
[  0%] Built target rosgraph_msgs_generate_messages_eus
[  0%] Built target rosgraph_msgs_generate_messages_cpp
[  0%] Built target sensor_msgs_generate_messages_lisp
[  0%] Built target rosgraph_msgs_generate_messages_lisp
[  0%] Built target sensor_msgs_generate_messages_nodejs
[  0%] Built target roscpp_generate_messages_cpp
[  4%] Built target gpd_ros_grasp_plotter
[  4%] Built target _gpd_ros_generate_messages_check_deps_detect_grasps
[  4%] Built target _gpd_ros_generate_messages_check_deps_CloudSamples
[  4%] Built target _gpd_ros_generate_messages_check_deps_CloudIndexed
[  4%] Built target _gpd_ros_generate_messages_check_deps_SamplesMsg
[  4%] Built target _gpd_ros_generate_messages_check_deps_GraspConfigList
[  8%] Built target gpd_ros_grasp_messages
[  8%] Built target _gpd_ros_generate_messages_check_deps_GraspConfig
[  8%] Built target _gpd_ros_generate_messages_check_deps_CloudSources
[ 41%] Built target gpd_ros_generate_messages_eus
[ 41%] Built target gpd_ros_generate_messages_lisp
[ 60%] Built target gpd_ros_generate_messages_py
[ 76%] Built target gpd_ros_generate_messages_cpp
[ 91%] Built target gpd_ros_generate_messages_nodejs
[ 95%] Built target gpd_ros_detect_grasps_server
[100%] Built target gpd_ros_detect_grasps
[100%] Built target gpd_ros_generate_messages
