[  0%] Built target _kortex_driver_generate_messages_check_deps_BaseType
[  0%] Built target _kortex_driver_generate_messages_check_deps_Base_ControlModeInformation
[  0%] Built target _kortex_driver_generate_messages_check_deps_WristType
[  0%] Built target _kortex_driver_generate_messages_check_deps_NetworkNotification
[  0%] Built target _kortex_driver_generate_messages_check_deps_UARTPortId
[  0%] Built target _kortex_driver_generate_messages_check_deps_UARTParity
[  0%] Built target _kortex_driver_generate_messages_check_deps_GetCommandMode
[  0%] Built target _kortex_driver_generate_messages_check_deps_GetAllJointsSpeedHardLimitation
[  0%] Built target _kortex_driver_generate_messages_check_deps_SetSafetyConfiguration
[  0%] Built target _kortex_driver_generate_messages_check_deps_TwistAngularSoftLimit
[  0%] Built target _kortex_driver_generate_messages_check_deps_DeviceHandle
[  0%] Built target _kortex_driver_generate_messages_check_deps_UpdateSequence
[  0%] Built target _kortex_driver_generate_messages_check_deps_GPIOState
[  0%] Built target _kortex_driver_generate_messages_check_deps_OnNotificationConfigurationChangeTopic
[  0%] Built target _kortex_driver_generate_messages_check_deps_OnNotificationMappingInfoTopic
[  0%] Built target _kortex_driver_generate_messages_check_deps_ClearSafetyStatus
[  0%] Built target _kortex_driver_generate_messages_check_deps_SetSafetyErrorThreshold
[  0%] Built target _kortex_driver_generate_messages_check_deps_ControlConfig_Position
[  0%] Built target _kortex_driver_generate_messages_check_deps_PlayCartesianTrajectory
[  0%] Built target _kortex_driver_generate_messages_check_deps_InterconnectCyclic_Command
[  0%] Built target _kortex_driver_generate_messages_check_deps_GetIPv4Information
[  0%] Built target _kortex_driver_generate_messages_check_deps_AxisOffsets
[  0%] Built target _kortex_driver_generate_messages_check_deps_ProductConfigurationEndEffectorType
[  0%] Built target _kortex_driver_generate_messages_check_deps_SensorFocusAction_action_parameters
[  0%] Built target _kortex_driver_generate_messages_check_deps_AdvancedSequenceHandle
[  0%] Built target _kortex_driver_generate_messages_check_deps_Gen3GpioPinId
[  0%] Built target _kortex_driver_generate_messages_check_deps_ShapeType
[  0%] Built target _kortex_driver_generate_messages_check_deps_GetSerialNumber
[  0%] Built target _kortex_driver_generate_messages_check_deps_LoopSelection
[  0%] Built target _kortex_driver_generate_messages_check_deps_SerialNumber
[  0%] Built target _kortex_driver_generate_messages_check_deps_GetControllerConfiguration
[  0%] Built target _kortex_driver_generate_messages_check_deps_PlayCartesianTrajectoryOrientation
[  0%] Built target _kortex_driver_generate_messages_check_deps_ReadAllUserProfiles
[  0%] Built target _kortex_driver_generate_messages_check_deps_ExecuteAction
[  0%] Built target _kortex_driver_generate_messages_check_deps_SetCommandMode
[  0%] Built target _kortex_driver_generate_messages_check_deps_ReadAllUsers
[  0%] Built target _kortex_driver_generate_messages_check_deps_Base_Position
[  0%] Built target _kortex_driver_generate_messages_check_deps_GpioEvent
[  0%] Built target _kortex_driver_generate_messages_check_deps_VectorDriveParameters
[  0%] Built target _kortex_driver_generate_messages_check_deps_CalibrationParameter_value
[  0%] Built target _kortex_driver_generate_messages_check_deps_JointAccelerationSoftLimits
[  0%] Built target _kortex_driver_generate_messages_check_deps_NetworkType
[  0%] Built target _kortex_driver_generate_messages_check_deps_SetIntrinsicParameters
[  0%] Built target _kortex_driver_generate_messages_check_deps_I2CReadRegisterParameter
[  0%] Built target _kortex_driver_generate_messages_check_deps_SequenceTasksPair
[  0%] Built target _kortex_driver_generate_messages_check_deps_StatusFlags
[  0%] Built target _kortex_driver_generate_messages_check_deps_ArmStateInformation
[  0%] Built target _kortex_driver_generate_messages_check_deps_SubErrorCodes
[  0%] Built target _kortex_driver_generate_messages_check_deps_InterconnectCyclic_MessageId
[  0%] Built target _kortex_driver_generate_messages_check_deps_ArmLaterality
[  0%] Built target _kortex_driver_generate_messages_check_deps_BridgeStatus
[  0%] Built target _kortex_driver_generate_messages_check_deps_TrajectoryErrorElement
[  0%] Built target _kortex_driver_generate_messages_check_deps_CartesianLimitationList
[  0%] Built target _kortex_driver_generate_messages_check_deps_ConstrainedJointAngles
[  0%] Built target _kortex_driver_generate_messages_check_deps_ControlConfig_JointSpeeds
[  0%] Built target _kortex_driver_generate_messages_check_deps_OnNotificationControlModeTopic
[  0%] Built target _kortex_driver_generate_messages_check_deps_I2CDevice
[  0%] Built target _kortex_driver_generate_messages_check_deps_ControlConfig_Unsubscribe
[  0%] Built target _kortex_driver_generate_messages_check_deps_GetMeasuredGripperMovement
[  0%] Built target _kortex_driver_generate_messages_check_deps_CommandModeInformation
[  0%] Built target _kortex_driver_generate_messages_check_deps_SafetyNotification
[  0%] Built target _kortex_driver_generate_messages_check_deps_EthernetDeviceIdentification
[  0%] Built target _kortex_driver_generate_messages_check_deps_ActionList
[  0%] Built target _kortex_driver_generate_messages_check_deps_GetGPIOConfiguration
[  0%] Built target _kortex_driver_generate_messages_check_deps_ControllerNotification_state
[  0%] Built target _kortex_driver_generate_messages_check_deps_IntrinsicProfileIdentifier
[  0%] Built target _kortex_driver_generate_messages_check_deps_CoggingFeedforwardMode
[  0%] Built target _kortex_driver_generate_messages_check_deps_GetTrajectoryErrorReport
[  0%] Built target _kortex_driver_generate_messages_check_deps_TwistCommand
[  0%] Built target _kortex_driver_generate_messages_check_deps_UserProfile
[  0%] Built target _kortex_driver_generate_messages_check_deps_BaseCyclic_Command
[  0%] Built target _kortex_driver_generate_messages_check_deps_ExecuteCalibration
[  0%] Built target _kortex_driver_generate_messages_check_deps_BridgeList
[  0%] Built target _kortex_driver_generate_messages_check_deps_ReadAllMappings
[  0%] Built target _kortex_driver_generate_messages_check_deps_GetEthernetConfiguration
[  0%] Built target _kortex_driver_generate_messages_check_deps_Option
[  0%] Built target _kortex_driver_generate_messages_check_deps_RebootRequest
[  0%] Built target _kortex_driver_generate_messages_check_deps_ProtectionZoneNotificationList
[  0%] Built target _kortex_driver_generate_messages_check_deps_VisionNotification
[  0%] Built target _kortex_driver_generate_messages_check_deps_ConfigurationChangeNotification_configuration_change
[  0%] Built target _kortex_driver_generate_messages_check_deps_VisionConfig_ServiceVersion
[  0%] Built target _kortex_driver_generate_messages_check_deps_Servoing
[  0%] Built target _kortex_driver_generate_messages_check_deps_GetI2CConfiguration
[  0%] Built target _kortex_driver_generate_messages_check_deps_BridgeType
[  0%] Built target _kortex_driver_generate_messages_check_deps_SafetyEvent
[  0%] Built target _kortex_driver_generate_messages_check_deps_CustomDataUnit
[  0%] Built target _kortex_driver_generate_messages_check_deps_WristDigitalInputIdentifier
[  0%] Built target _kortex_driver_generate_messages_check_deps_DuplicateMap
[  0%] Built target _kortex_driver_generate_messages_check_deps_RobotiqGripperStatusFlags
[  0%] Built target _kortex_driver_generate_messages_check_deps_ChangeJointSpeeds
[  0%] Built target _kortex_driver_generate_messages_check_deps_FirmwareComponentVersion
[  0%] Built target _kortex_driver_generate_messages_check_deps_LimitationType
[  0%] Built target _kortex_driver_generate_messages_check_deps_NotificationHandle
[  0%] Built target _kortex_driver_generate_messages_check_deps_ControlConfig_GetControlMode
[  0%] Built target _kortex_driver_generate_messages_check_deps_SystemTime
[  0%] Built target _kortex_driver_generate_messages_check_deps_Connection
[  0%] Built target _kortex_driver_generate_messages_check_deps_MapEvent
[  0%] Built target _kortex_driver_generate_messages_check_deps_VisionModuleType
[  0%] Built target _kortex_driver_generate_messages_check_deps_SendWrenchCommand
[  0%] Built target _kortex_driver_generate_messages_check_deps_ActuatorConfig_ClearFaults
[  0%] Built target _kortex_driver_generate_messages_check_deps_NetworkEvent
[  0%] Built target _kortex_driver_generate_messages_check_deps_I2CWrite
[  0%] Built target _kortex_driver_generate_messages_check_deps_WrenchCommand
[  0%] Built target _kortex_driver_generate_messages_check_deps_AngularTwist
[  0%] Built target _kortex_driver_generate_messages_check_deps_GetCoggingFeedforwardMode
[  0%] Built target _kortex_driver_generate_messages_check_deps_GetDesiredSpeeds
[  0%] Built target _kortex_driver_generate_messages_check_deps_SetCommunicationInterfaceEnable
[  0%] Built target _kortex_driver_generate_messages_check_deps_DeleteUserProfile
[  0%] Built target _kortex_driver_generate_messages_check_deps_Faults
[  0%] Built target _kortex_driver_generate_messages_check_deps_DoSensorFocusAction
[  0%] Built target _kortex_driver_generate_messages_check_deps_GetGravityVector
[  0%] Built target _kortex_driver_generate_messages_check_deps_StopCalibration
[  0%] Built target _kortex_driver_generate_messages_check_deps_IPv4Settings
[  0%] Built target _kortex_driver_generate_messages_check_deps_SwapSequenceTasks
[  0%] Built target _kortex_driver_generate_messages_check_deps_GetConnectedWifiInformation
[  0%] Built target _kortex_driver_generate_messages_check_deps_MapGroup
[  0%] Built target _kortex_driver_generate_messages_check_deps_GetServoingMode
[  0%] Built target _kortex_driver_generate_messages_check_deps_CartesianLimitation
[  0%] Built target _kortex_driver_generate_messages_check_deps_GetTwistHardLimitation
[  0%] Built target _kortex_driver_generate_messages_check_deps_GetUARTConfiguration
[  0%] Built target _kortex_driver_generate_messages_check_deps_MotorFeedback
[  0%] Built target _kortex_driver_generate_messages_check_deps_ClearAllSafetyStatus
[  0%] Built target _kortex_driver_generate_messages_check_deps_BootloaderVersion
[  0%] Built target _kortex_driver_generate_messages_check_deps_GripperCommand
[  0%] Built target _kortex_driver_generate_messages_check_deps_ControlLoopParameters
[  0%] Built target _kortex_driver_generate_messages_check_deps_ActionHandle
[  0%] Built target _kortex_driver_generate_messages_check_deps_Xbox360AnalogInputIdentifier
[  0%] Built target _kortex_driver_generate_messages_check_deps_UserEvent
[  0%] Built target _kortex_driver_generate_messages_check_deps_TrajectoryContinuityMode
[  0%] Built target _kortex_driver_generate_messages_check_deps_ResetGravityVector
[  0%] Built target _kortex_driver_generate_messages_check_deps_SequenceList
[  0%] Built target _kortex_driver_generate_messages_check_deps_RebootRqst
[  0%] Built target _kortex_driver_generate_messages_check_deps_SetTwistAngularSoftLimit
[  0%] Built target _kortex_driver_generate_messages_check_deps_SequenceInfoNotification
[  0%] Built target _kortex_driver_generate_messages_check_deps_CalibrationParameter
[  0%] Built target _kortex_driver_generate_messages_check_deps_AppendActionInformation
[  0%] Built target _kortex_driver_generate_messages_check_deps_VisionEvent
[  0%] Built target _kortex_driver_generate_messages_check_deps_SetSafetyWarningThreshold
[  0%] Built target _kortex_driver_generate_messages_check_deps_GetActuatorCount
[  0%] Built target _kortex_driver_generate_messages_check_deps_InterconnectCyclic_Feedback_tool_feedback
[  0%] Built target _kortex_driver_generate_messages_check_deps_DisableBridge
[  0%] Built target _kortex_driver_generate_messages_check_deps_ControllerList
[  0%] Built target _kortex_driver_generate_messages_check_deps_OnNotificationRobotEventTopic
[  0%] Built target _kortex_driver_generate_messages_check_deps_ReadAllSequenceTasks
[  0%] Built target _kortex_driver_generate_messages_check_deps_CreateProtectionZone
[  0%] Built target _kortex_driver_generate_messages_check_deps_GetIntrinsicParametersProfile
[  0%] Built target _kortex_driver_generate_messages_check_deps_Base_SafetyIdentifier
[  0%] Built target _kortex_driver_generate_messages_check_deps_GripperCyclic_Command
[  0%] Built target _kortex_driver_generate_messages_check_deps_GetAllJointsTorqueSoftLimitation
[  0%] Built target _kortex_driver_generate_messages_check_deps_PlayAdvancedSequence
[  0%] Built target _kortex_driver_generate_messages_check_deps_SetCoggingFeedforwardMode
[  0%] Built target _kortex_driver_generate_messages_check_deps_TakeSnapshot
[  0%] Built target _kortex_driver_generate_messages_check_deps_GetMeasuredCartesianPose
[  0%] Built target _kortex_driver_generate_messages_check_deps_Base_ControlMode
[  0%] Built target _kortex_driver_generate_messages_check_deps_GetAllJointsTorqueHardLimitation
[  0%] Built target _kortex_driver_generate_messages_check_deps_GetProductConfiguration
[  0%] Built target _kortex_driver_generate_messages_check_deps_ReadSequence
[  0%] Built target _kortex_driver_generate_messages_check_deps_GetSensorSettings
[  0%] Built target _kortex_driver_generate_messages_check_deps_GetKinematicHardLimits
[  0%] Built target _kortex_driver_generate_messages_check_deps_GetControlLoopParameters
[  0%] Built target _kortex_driver_generate_messages_check_deps_DeviceConfig_SetCapSenseConfig
[  0%] Built target _kortex_driver_generate_messages_check_deps_ControlModeNotificationList
[  0%] Built target _kortex_driver_generate_messages_check_deps_ReadAllProtectionZones
[  0%] Built target _kortex_driver_generate_messages_check_deps_GripperCyclic_ServiceVersion
[  0%] Built target _kortex_driver_generate_messages_check_deps_UpdateUserProfile
[  0%] Built target _kortex_driver_generate_messages_check_deps_GetIPv4Settings
[  0%] Built target _kortex_driver_generate_messages_check_deps_ConstrainedPose
[  0%] Built target _kortex_driver_generate_messages_check_deps_I2CRegisterAddressSize
[  0%] Built target _kortex_driver_generate_messages_check_deps_GetMACAddress
[  0%] Built target _kortex_driver_generate_messages_check_deps_OnNotificationActionTopic
[  0%] Built target _kortex_driver_generate_messages_check_deps_ControllerElementEventType
[  0%] Built target _kortex_driver_generate_messages_check_deps_UARTDeviceIdentification
[  0%] Built target _kortex_driver_generate_messages_check_deps_SetSafetyEnable
[  0%] Built target _kortex_driver_generate_messages_check_deps_MapGroupHandle
[  0%] Built target _kortex_driver_generate_messages_check_deps_CreateMapping
[  0%] Built target _kortex_driver_generate_messages_check_deps_StopTeaching
[  0%] Built target _kortex_driver_generate_messages_check_deps_Base_SetCapSenseConfig
[  0%] Built target _kortex_driver_generate_messages_check_deps_Base_GetControlMode
[  0%] Built target _kortex_driver_generate_messages_check_deps_ActuatorConfig_GetControlMode
[  0%] Built target _kortex_driver_generate_messages_check_deps_ControlConfig_ControlMode
[  0%] Built target _kortex_driver_generate_messages_check_deps_ActuatorCyclic_ServiceVersion
[  0%] Built target _kortex_driver_generate_messages_check_deps_TwistLinearSoftLimit
[  0%] Built target _kortex_driver_generate_messages_check_deps_JointSpeedSoftLimits
[  0%] Built target _kortex_driver_generate_messages_check_deps_ResetJointSpeedSoftLimits
[  0%] Built target _kortex_driver_generate_messages_check_deps_TransformationRow
[  0%] Built target _kortex_driver_generate_messages_check_deps_GetCalibrationResult
[  0%] Built target _kortex_driver_generate_messages_check_deps_Action
[  0%] Built target _kortex_driver_generate_messages_check_deps_PlaySequence
[  0%] Built target _kortex_driver_generate_messages_check_deps_MACAddress
[  0%] Built target _kortex_driver_generate_messages_check_deps_Finger
[  0%] Built target _kortex_driver_generate_messages_check_deps_BridgePortConfig
[  0%] Built target _kortex_driver_generate_messages_check_deps_ReadMap
[  0%] Built target _kortex_driver_generate_messages_check_deps_JointsLimitationsList
[  0%] Built target _kortex_driver_generate_messages_check_deps_GPIOPull
[  0%] Built target _kortex_driver_generate_messages_check_deps_GetAllSafetyConfiguration
[  0%] Built target _kortex_driver_generate_messages_check_deps_CartesianTransform
[  0%] Built target _kortex_driver_generate_messages_check_deps_DeviceConfig_CapSenseConfig
[  0%] Built target _kortex_driver_generate_messages_check_deps_GetAllSafetyInformation
[  0%] Built target _kortex_driver_generate_messages_check_deps_GetWrenchSoftLimitation
[  0%] Built target _kortex_driver_generate_messages_check_deps_ActuatorInformation
[  0%] Built target _kortex_driver_generate_messages_check_deps_ResetTwistLinearSoftLimit
[  0%] Built target _kortex_driver_generate_messages_check_deps_TorqueCalibration
[  0%] Built target _kortex_driver_generate_messages_check_deps_UpdateMap
[  0%] Built target _kortex_driver_generate_messages_check_deps_ResetJointAccelerationSoftLimits
[  0%] Built target _kortex_driver_generate_messages_check_deps_UserNotificationList
[  0%] Built target _kortex_driver_generate_messages_check_deps_GripperMode
[  0%] Built target _kortex_driver_generate_messages_check_deps_OnNotificationArmStateTopic
[  0%] Built target _kortex_driver_generate_messages_check_deps_CommandMode
[  0%] Built target _kortex_driver_generate_messages_check_deps_FrameRate
[  0%] Built target _kortex_driver_generate_messages_check_deps_RobotEventNotificationList
[  0%] Built target _kortex_driver_generate_messages_check_deps_StepResponse
[  0%] Built target _kortex_driver_generate_messages_check_deps_SetControlMode
[  0%] Built target _kortex_driver_generate_messages_check_deps_GetWifiCountryCode
[  0%] Built target _kortex_driver_generate_messages_check_deps_ActionEvent
[  0%] Built target _kortex_driver_generate_messages_check_deps_I2CDeviceAddressing
[  0%] Built target _kortex_driver_generate_messages_check_deps_ModelNumber
[  0%] Built target _kortex_driver_generate_messages_check_deps_SetServoingMode
[  0%] Built target _kortex_driver_generate_messages_check_deps_CoggingFeedforwardModeInformation
[  0%] Built target _kortex_driver_generate_messages_check_deps_ControlConfig_ControlModeInformation
[  0%] Built target _kortex_driver_generate_messages_check_deps_Unit
[  0%] Built target _kortex_driver_generate_messages_check_deps_ActivateMapHandle
[  0%] Built target _kortex_driver_generate_messages_check_deps_ResetSafetyDefaults
[  0%] Built target _kortex_driver_generate_messages_check_deps_GetAvailableWifi
[  0%] Built target _kortex_driver_generate_messages_check_deps_JointTorque
[  0%] Built target _kortex_driver_generate_messages_check_deps_MapGroupList
[  0%] Built target _kortex_driver_generate_messages_check_deps_DeviceTypes
[  0%] Built target _kortex_driver_generate_messages_check_deps_ReadMapping
[  0%] Built target _kortex_driver_generate_messages_check_deps_GetOperatingMode
[  0%] Built target _kortex_driver_generate_messages_check_deps_SequenceTasks
[  0%] Built target _kortex_driver_generate_messages_check_deps_UserProfileList
[  0%] Built target _kortex_driver_generate_messages_check_deps_I2CWriteRegister
[  0%] Built target _kortex_driver_generate_messages_check_deps_VisionConfig_RotationMatrixRow
[  0%] Built target _kortex_driver_generate_messages_check_deps_SetOptionValue
[  0%] Built target _kortex_driver_generate_messages_check_deps_BaseFeedback
[  0%] Built target _kortex_driver_generate_messages_check_deps_TwistLimitation
[  0%] Built target _kortex_driver_generate_messages_check_deps_PositionCommand
[  0%] Built target _kortex_driver_generate_messages_check_deps_OnNotificationProtectionZoneTopic
[  0%] Built target _kortex_driver_generate_messages_check_deps_DeviceManager_ServiceVersion
[  0%] Built target _kortex_driver_generate_messages_check_deps_DeleteMapping
[  0%] Built target _kortex_driver_generate_messages_check_deps_BitRate
[  0%] Built target _kortex_driver_generate_messages_check_deps_ActivateMap
[  0%] Built target _kortex_driver_generate_messages_check_deps_WifiSecurityType
[  0%] Built target _kortex_driver_generate_messages_check_deps_ReadAllMaps
[  0%] Built target _kortex_driver_generate_messages_check_deps_SafetyInformationList
[  0%] Built target _kortex_driver_generate_messages_check_deps_SetSensorSettings
[  0%] Built target _kortex_driver_generate_messages_check_deps_ProtectionZone
[  0%] Built target _kortex_driver_generate_messages_check_deps_OnNotificationVisionTopic
[  0%] Built target _kortex_driver_generate_messages_check_deps_RobotEventNotification
[  0%] Built target _kortex_driver_generate_messages_check_deps_TrajectoryErrorType
[  0%] Built target _kortex_driver_generate_messages_check_deps_ProtectionZoneEvent
[  0%] Built target _kortex_driver_generate_messages_check_deps_ActuatorCyclic_CustomData
[  0%] Built target _kortex_driver_generate_messages_check_deps_CalibrationStatus
[  0%] Built target _kortex_driver_generate_messages_check_deps_ChangeWrench
[  0%] Built target _kortex_driver_generate_messages_check_deps_OnNotificationControllerTopic
[  0%] Built target _kortex_driver_generate_messages_check_deps_Point
[  0%] Built target _kortex_driver_generate_messages_check_deps_GetGPIOState
[  0%] Built target _kortex_driver_generate_messages_check_deps_MapList
[  0%] Built target _kortex_driver_generate_messages_check_deps_Action_action_parameters
[  0%] Built target _kortex_driver_generate_messages_check_deps_ModelId
[  0%] Built target _kortex_driver_generate_messages_check_deps_I2CWriteParameter
[  0%] Built target _kortex_driver_generate_messages_check_deps_ConstrainedPosition
[  0%] Built target _kortex_driver_generate_messages_check_deps_ConstrainedJointAngle
[  0%] Built target _kortex_driver_generate_messages_check_deps_ActuatorConfig_ControlModeInformation
[  0%] Built target _kortex_driver_generate_messages_check_deps_PlayPreComputedJointTrajectory
[  0%] Built target _kortex_driver_generate_messages_check_deps_PreComputedJointTrajectoryElement
[  0%] Built target _kortex_driver_generate_messages_check_deps_ActuatorConfig_ServiceVersion
[  0%] Built target _kortex_driver_generate_messages_check_deps_SensorSettings
[  0%] Built target _kortex_driver_generate_messages_check_deps_SwitchControlMapping
[  0%] Built target _kortex_driver_generate_messages_check_deps_FirmwareVersion
[  0%] Built target _kortex_driver_generate_messages_check_deps_SelectCustomData
[  0%] Built target _kortex_driver_generate_messages_check_deps_SetServoing
[  0%] Built target _kortex_driver_generate_messages_check_deps_ControlLoopSelection
[  0%] Built target _kortex_driver_generate_messages_check_deps_Timestamp
[  0%] Built target _kortex_driver_generate_messages_check_deps_Wrench
[  0%] Built target _kortex_driver_generate_messages_check_deps_Empty
[  0%] Built target _kortex_driver_generate_messages_check_deps_SetI2CConfiguration
[  0%] Built target _kortex_driver_generate_messages_check_deps_FactoryEvent
[  0%] Built target _kortex_driver_generate_messages_check_deps_GetBootloaderVersion
[  0%] Built target _kortex_driver_generate_messages_check_deps_Base_JointSpeeds
[  0%] Built target _kortex_driver_generate_messages_check_deps_DistortionCoefficients
[  0%] Built target _kortex_driver_generate_messages_check_deps_ResetToolConfiguration
[  0%] Built target _kortex_driver_generate_messages_check_deps_SequenceTasksConfiguration
[  0%] Built target _kortex_driver_generate_messages_check_deps_RequestedActionType
[  0%] Built target _kortex_driver_generate_messages_check_deps_RestoreFactorySettings
[  0%] Built target _kortex_driver_generate_messages_check_deps_Resolution
[  0%] Built target _kortex_driver_generate_messages_check_deps_GetCartesianReferenceFrame
[  0%] Built target _kortex_driver_generate_messages_check_deps_GetSafetyConfiguration
[  0%] Built target _kortex_driver_generate_messages_check_deps_I2CDeviceIdentification
[  0%] Built target _kortex_driver_generate_messages_check_deps_MappingInfoNotificationList
[  0%] Built target _kortex_driver_generate_messages_check_deps_InterconnectCyclic_ServiceVersion
[  0%] Built target _kortex_driver_generate_messages_check_deps_ActuatorCyclic_Feedback
[  0%] Built target _kortex_driver_generate_messages_check_deps_ResumeAction
[  0%] Built target _kortex_driver_generate_messages_check_deps_OnNotificationNetworkTopic
[  0%] Built target _kortex_driver_generate_messages_check_deps_ToolConfiguration
[  0%] Built target _kortex_driver_generate_messages_check_deps_SetIPv4Settings
[  0%] Built target _kortex_driver_generate_messages_check_deps_UpdateSequenceTask
[  0%] Built target _kortex_driver_generate_messages_check_deps_ResumeSequence
[  0%] Built target _kortex_driver_generate_messages_check_deps_SequenceTasksRange
[  0%] Built target _kortex_driver_generate_messages_check_deps_ReadAllDevices
[  0%] Built target _kortex_driver_generate_messages_check_deps_BaseCyclic_Feedback
[  0%] Built target _kortex_driver_generate_messages_check_deps_GetSafetyInformation
[  0%] Built target _kortex_driver_generate_messages_check_deps_GetTwistSoftLimitation
[  0%] Built target _kortex_driver_generate_messages_check_deps_BridgeConfig
[  0%] Built target _kortex_driver_generate_messages_check_deps_KinematicLimits
[  0%] Built target _kortex_driver_generate_messages_check_deps_CartesianSpeed
[  0%] Built target _kortex_driver_generate_messages_check_deps_OperatingModeNotification
[  0%] Built target _kortex_driver_generate_messages_check_deps_EthernetSpeed
[  0%] Built target _kortex_driver_generate_messages_check_deps_Mapping
[  0%] Built target _kortex_driver_generate_messages_check_deps_EthernetConfiguration
[  0%] Built target _kortex_driver_generate_messages_check_deps_ServoingModeInformation
[  0%] Built target _kortex_driver_generate_messages_check_deps_Xbox360DigitalInputIdentifier
[  0%] Built target _kortex_driver_generate_messages_check_deps_UpdateAction
[  0%] Built target _kortex_driver_generate_messages_check_deps_SendGripperCommand
[  0%] Built target _kortex_driver_generate_messages_check_deps_Gripper
[  0%] Built target _kortex_driver_generate_messages_check_deps_DisconnectWifi
[  0%] Built target _kortex_driver_generate_messages_check_deps_TrajectoryErrorReport
[  0%] Built target _kortex_driver_generate_messages_check_deps_SafetyEnable
[  0%] Built target _kortex_driver_generate_messages_check_deps_TranslationVector
[  0%] Built target _kortex_driver_generate_messages_check_deps_SetDesiredJointSpeeds
[  0%] Built target _kortex_driver_generate_messages_check_deps_CreateMap
[  0%] Built target _kortex_driver_generate_messages_check_deps_OperatingMode
[  0%] Built target _kortex_driver_generate_messages_check_deps_ConfigurationNotificationEvent
[  0%] Built target _kortex_driver_generate_messages_check_deps_KortexError
[  0%] Built target _kortex_driver_generate_messages_check_deps_ControllerBehavior
[  0%] Built target _kortex_driver_generate_messages_check_deps_Pose
[  0%] Built target _kortex_driver_generate_messages_check_deps_InterfaceModuleType
[  0%] Built target _kortex_driver_generate_messages_check_deps_OptionValue
[  0%] Built target _kortex_driver_generate_messages_check_deps_OnNotificationSafetyTopic
[  0%] Built target _kortex_driver_generate_messages_check_deps_I2CReadParameter
[  0%] Built target _kortex_driver_generate_messages_check_deps_ConfigurationChangeNotification
[  0%] Built target _kortex_driver_generate_messages_check_deps_CompleteProductConfiguration
[  0%] Built target _kortex_driver_generate_messages_check_deps_ControllerEvent
[  0%] Built target _kortex_driver_generate_messages_check_deps_SetUARTConfiguration
[  0%] Built target _kortex_driver_generate_messages_check_deps_ControlLoop
[  0%] Built target _kortex_driver_generate_messages_check_deps_SafetyInformation
[  0%] Built target _kortex_driver_generate_messages_check_deps_IPv4Configuration
[  0%] Built target _kortex_driver_generate_messages_check_deps_Delay
[  0%] Built target _kortex_driver_generate_messages_check_deps_DeleteAction
[  0%] Built target _kortex_driver_generate_messages_check_deps_ExecuteActionFromReference
[  0%] Built target _kortex_driver_generate_messages_check_deps_GetAllControllerConfigurations
[  0%] Built target _kortex_driver_generate_messages_check_deps_I2CReadRegister
[  0%] Built target _kortex_driver_generate_messages_check_deps_ProtectionZoneHandle
[  0%] Built target _kortex_driver_generate_messages_check_deps_GPIOIdentification
[  0%] Built target _kortex_driver_generate_messages_check_deps_GripperCyclic_MessageId
[  0%] Built target _kortex_driver_generate_messages_check_deps_DeleteWifiConfiguration
[  0%] Built target _kortex_driver_generate_messages_check_deps_GetDeviceType
[  0%] Built target _kortex_driver_generate_messages_check_deps_CartesianReferenceFrameInfo
[  0%] Built target _kortex_driver_generate_messages_check_deps_ControlConfigurationEvent
[  0%] Built target _kortex_driver_generate_messages_check_deps_CreateUserProfile
[  0%] Built target _kortex_driver_generate_messages_check_deps_FullUserProfile
[  0%] Built target _kortex_driver_generate_messages_check_deps_GetIntrinsicParameters
[  0%] Built target _kortex_driver_generate_messages_check_deps_ApiOptions
[  0%] Built target _kortex_driver_generate_messages_check_deps_Permission
[  0%] Built target _kortex_driver_generate_messages_check_deps_ChangePassword
[  0%] Built target _kortex_driver_generate_messages_check_deps_JointTorques
[  0%] Built target _kortex_driver_generate_messages_check_deps_SnapshotType
[  0%] Built target _kortex_driver_generate_messages_check_deps_SetGPIOState
[  0%] Built target _kortex_driver_generate_messages_check_deps_ActionNotificationList
[  0%] Built target _kortex_driver_generate_messages_check_deps_IPv4Information
[  0%] Built target _kortex_driver_generate_messages_check_deps_GetActivatedControlLoop
[  0%] Built target _kortex_driver_generate_messages_check_deps_AxisPosition
[  0%] Built target _kortex_driver_generate_messages_check_deps_MappingInfoNotification
[  0%] Built target _kortex_driver_generate_messages_check_deps_CommunicationInterfaceConfiguration
[  0%] Built target _kortex_driver_generate_messages_check_deps_SetTwistLinearSoftLimit
[  0%] Built target _kortex_driver_generate_messages_check_deps_DeviceType
[  0%] Built target _kortex_driver_generate_messages_check_deps_DeviceConfig_CapSenseMode
[  0%] Built target _kortex_driver_generate_messages_check_deps_Admittance
[  0%] Built target _kortex_driver_generate_messages_check_deps_ActuatorCustomData
[  0%] Built target _kortex_driver_generate_messages_check_deps_SetOperatingMode
[  0%] Built target _kortex_driver_generate_messages_check_deps_JointTrajectoryConstraint
[  0%] Built target _kortex_driver_generate_messages_check_deps_DeviceHandles
[  0%] Built target _kortex_driver_generate_messages_check_deps_GetPayloadInformation
[  0%] Built target _kortex_driver_generate_messages_check_deps_SetDeviceID
[  0%] Built target _kortex_driver_generate_messages_check_deps_Sensor
[  0%] Built target _kortex_driver_generate_messages_check_deps_PlayCartesianTrajectoryPosition
[  0%] Built target _kortex_driver_generate_messages_check_deps_Base_Stop
[  0%] Built target _kortex_driver_generate_messages_check_deps_SendSelectedJointSpeedJoystickCommand
[  0%] Built target _kortex_driver_generate_messages_check_deps_ReadSequenceTask
[  0%] Built target _kortex_driver_generate_messages_check_deps_WrenchLimitation
[  0%] Built target _kortex_driver_generate_messages_check_deps_ControllerEventType
[  0%] Built target _kortex_driver_generate_messages_check_deps_LinearTwist
[  0%] Built target _kortex_driver_generate_messages_check_deps_CountryCode
[  0%] Built target _kortex_driver_generate_messages_check_deps_JointAngles
[  0%] Built target _kortex_driver_generate_messages_check_deps_SequenceTaskConfiguration
[  0%] Built target _kortex_driver_generate_messages_check_deps_InterconnectCyclic_Command_tool_command
[  0%] Built target _kortex_driver_generate_messages_check_deps_JointAngle
[  0%] Built target _kortex_driver_generate_messages_check_deps_DeleteProtectionZone
[  0%] Built target _kortex_driver_generate_messages_check_deps_Twist
[  0%] Built target _kortex_driver_generate_messages_check_deps_AdmittanceMode
[  0%] Built target _kortex_driver_generate_messages_check_deps_GetAxisOffsets
[  0%] Built target _kortex_driver_generate_messages_check_deps_GPIOValue
[  0%] Built target _kortex_driver_generate_messages_check_deps_SequenceTaskHandle
[  0%] Built target _kortex_driver_generate_messages_check_deps_GetAllConnectedControllers
[  0%] Built target _kortex_driver_generate_messages_check_deps_RunMode
[  0%] Built target _kortex_driver_generate_messages_check_deps_ControllerState
[  0%] Built target _kortex_driver_generate_messages_check_deps_GravityVector
[  0%] Built target _kortex_driver_generate_messages_check_deps_EnableBridge
[  0%] Built target _kortex_driver_generate_messages_check_deps_CalibrationResult
[  0%] Built target _kortex_driver_generate_messages_check_deps_GetRunMode
[  0%] Built target _kortex_driver_generate_messages_check_deps_ActionType
[  0%] Built target _kortex_driver_generate_messages_check_deps_EmergencyStop
[  0%] Built target _kortex_driver_generate_messages_check_deps_UARTStopBits
[  0%] Built target _kortex_driver_generate_messages_check_deps_OperatingModeNotificationList
[  0%] Built target _kortex_driver_generate_messages_check_deps_NotificationType
[  0%] Built target _kortex_driver_generate_messages_check_deps_ControllerConfigurationMode
[  0%] Built target _kortex_driver_generate_messages_check_deps_StartTeaching
[  0%] Built target _kortex_driver_generate_messages_check_deps_MappingList
[  0%] Built target _kortex_driver_generate_messages_check_deps_GetIPv4Configuration
[  0%] Built target _kortex_driver_generate_messages_check_deps_EventIdSequenceInfoNotification
[  0%] Built target _kortex_driver_generate_messages_check_deps_FullIPv4Configuration
[  0%] Built target _kortex_driver_generate_messages_check_deps_SendTwistJoystickCommand
[  0%] Built target _kortex_driver_generate_messages_check_deps_GetControllerState
[  0%] Built target _kortex_driver_generate_messages_check_deps_MoveSequenceTask
[  0%] Built target _kortex_driver_generate_messages_check_deps_OnNotificationServoingModeTopic
[  0%] Built target _kortex_driver_generate_messages_check_deps_FirmwareBundleVersions
[  0%] Built target _kortex_driver_generate_messages_check_deps_ZoneShape
[  0%] Built target _kortex_driver_generate_messages_check_deps_GetAllJointsSpeedSoftLimitation
[  0%] Built target _kortex_driver_generate_messages_check_deps_SetControllerConfiguration
[  0%] Built target _kortex_driver_generate_messages_check_deps_SequenceInformation
[  0%] Built target _kortex_driver_generate_messages_check_deps_CartesianReferenceFrame
[  0%] Built target _kortex_driver_generate_messages_check_deps_UARTConfiguration
[  0%] Built target _kortex_driver_generate_messages_check_deps_ErrorCodes
[  0%] Built target _kortex_driver_generate_messages_check_deps_Base_GetCapSenseConfig
[  0%] Built target _kortex_driver_generate_messages_check_deps_ActionNotification
[  0%] Built target _kortex_driver_generate_messages_check_deps_SetTorqueOffset
[  0%] Built target _kortex_driver_generate_messages_check_deps_Ssid
[  0%] Built target _kortex_driver_generate_messages_check_deps_GetBridgeConfig
[  0%] Built target _kortex_driver_generate_messages_check_deps_CartesianTrajectoryConstraint_type
[  0%] Built target _kortex_driver_generate_messages_check_deps_GetPartNumber
[  0%] Built target _kortex_driver_generate_messages_check_deps_I2CWriteRegisterParameter
[  0%] Built target _kortex_driver_generate_messages_check_deps_GetFirmwareVersion
[  0%] Built target _kortex_driver_generate_messages_check_deps_Timeout
[  0%] Built target _kortex_driver_generate_messages_check_deps_ActuatorConfig_ControlMode
[  0%] Built target _kortex_driver_generate_messages_check_deps_SetCartesianReferenceFrame
[  0%] Built target _kortex_driver_generate_messages_check_deps_SendSelectedJointSpeedCommand
[  0%] Built target _kortex_driver_generate_messages_check_deps_GetTorqueOffset
[  0%] Built target _kortex_driver_generate_messages_check_deps_FocusPoint
[  0%] Built target _kortex_driver_generate_messages_check_deps_GetOptionValue
[  0%] Built target _kortex_driver_generate_messages_check_deps_SetGPIOConfiguration
[  0%] Built target _kortex_driver_generate_messages_check_deps_GetSafetyEnable
[  0%] Built target _kortex_driver_generate_messages_check_deps_ActionExecutionState
[  0%] Built target _kortex_driver_generate_messages_check_deps_WrenchMode
[  0%] Built target _kortex_driver_generate_messages_check_deps_Map
[  0%] Built target _kortex_driver_generate_messages_check_deps_WifiInformation
[  0%] Built target _kortex_driver_generate_messages_check_deps_PlayJointTrajectory
[  0%] Built target _kortex_driver_generate_messages_check_deps_ProtectionZoneNotification
[  0%] Built target _kortex_driver_generate_messages_check_deps_CountryCodeIdentifier
[  0%] Built target _kortex_driver_generate_messages_check_deps_WifiInformationList
[  0%] Built target _kortex_driver_generate_messages_check_deps_SignalQuality
[  0%] Built target _kortex_driver_generate_messages_check_deps_SetAdmittance
[  0%] Built target _kortex_driver_generate_messages_check_deps_GripperConfig_SafetyIdentifier
[  0%] Built target _kortex_driver_generate_messages_check_deps_ArmState
[  0%] Built target _kortex_driver_generate_messages_check_deps_NavigationDirection
[  0%] Built target _kortex_driver_generate_messages_check_deps_ProtectionZoneInformation
[  0%] Built target _kortex_driver_generate_messages_check_deps_UserList
[  0%] Built target _kortex_driver_generate_messages_check_deps_UserNotification
[  0%] Built target _kortex_driver_generate_messages_check_deps_UARTWordLength
[  0%] Built target _kortex_driver_generate_messages_check_deps_SetDesiredLinearTwist
[  0%] Built target _kortex_driver_generate_messages_check_deps_DeleteAllSequenceTasks
[  0%] Built target _kortex_driver_generate_messages_check_deps_PlaySelectedJointTrajectory
[  0%] Built target _kortex_driver_generate_messages_check_deps_ControllerType
[  0%] Built target _kortex_driver_generate_messages_check_deps_GPIOConfiguration
[  0%] Built target _kortex_driver_generate_messages_check_deps_ServoingMode
[  0%] Built target _kortex_driver_generate_messages_check_deps_EthernetDuplex
[  0%] Built target _kortex_driver_generate_messages_check_deps_SequenceHandle
[  0%] Built target _kortex_driver_generate_messages_check_deps_UpdateProtectionZone
[  0%] Built target _kortex_driver_generate_messages_check_deps_UARTSpeed
[  0%] Built target _kortex_driver_generate_messages_check_deps_GPIOIdentifier
[  0%] Built target _kortex_driver_generate_messages_check_deps_SetWifiCountryCode
[  0%] Built target _kortex_driver_generate_messages_check_deps_PartNumber
[  0%] Built target _kortex_driver_generate_messages_check_deps_AddSequenceTasks
[  0%] Built target _kortex_driver_generate_messages_check_deps_TransformationMatrix
[  0%] Built target _kortex_driver_generate_messages_check_deps_ServoingModeNotification
[  0%] Built target _kortex_driver_generate_messages_check_deps_IntrinsicParameters
[  0%] Built target _kortex_driver_generate_messages_check_deps_OptionInformation
[  0%] Built target _kortex_driver_generate_messages_check_deps_BaseCyclic_ServiceVersion
[  0%] Built target _kortex_driver_generate_messages_check_deps_BridgeResult
[  0%] Built target _kortex_driver_generate_messages_check_deps_UserProfileHandle
[  0%] Built target _kortex_driver_generate_messages_check_deps_MapElement
[  0%] Built target _kortex_driver_generate_messages_check_deps_ServoingModeNotificationList
[  0%] Built target _kortex_driver_generate_messages_check_deps_Stop
[  0%] Built target _kortex_driver_generate_messages_check_deps_SetIPv4Configuration
[  0%] Built target _kortex_driver_generate_messages_check_deps_SetActivatedControlLoop
[  0%] Built target _kortex_driver_generate_messages_check_deps_SensorIdentifier
[  0%] Built target _kortex_driver_generate_messages_check_deps_CalibrationElement
[  0%] Built target _kortex_driver_generate_messages_check_deps_WifiConfigurationList
[  0%] Built target _kortex_driver_generate_messages_check_deps_GetToolConfiguration
[  0%] Built target _kortex_driver_generate_messages_check_deps_GetSafetyStatus
[  0%] Built target _kortex_driver_generate_messages_check_deps_GetAllConfiguredWifis
[  0%] Built target _kortex_driver_generate_messages_check_deps_DeviceConfig_GetCapSenseConfig
[  0%] Built target _kortex_driver_generate_messages_check_deps_ConnectWifi
[  0%] Built target _kortex_driver_generate_messages_check_deps_WifiEncryptionType
[  0%] Built target _kortex_driver_generate_messages_check_deps_GpioBehavior
[  0%] Built target _kortex_driver_generate_messages_check_deps_SetDesiredAngularTwist
[  0%] Built target _kortex_driver_generate_messages_check_deps_DuplicateMapping
[  0%] Built target _kortex_driver_generate_messages_check_deps_JointTrajectoryConstraintType
[  0%] Built target _kortex_driver_generate_messages_check_deps_ActuatorFeedback
[  0%] Built target _kortex_driver_generate_messages_check_deps_SendJointSpeedsJoystickCommand
[  0%] Built target _kortex_driver_generate_messages_check_deps_SensorFocusAction
[  0%] Built target _kortex_driver_generate_messages_check_deps_OnNotificationControlConfigurationTopic
[  0%] Built target _kortex_driver_generate_messages_check_deps_OnNotificationFactoryTopic
[  0%] Built target _kortex_driver_generate_messages_check_deps_PauseAction
[  0%] Built target _kortex_driver_generate_messages_check_deps_ArmStateNotification
[  0%] Built target _kortex_driver_generate_messages_check_deps_ControllerInputType
[  0%] Built target _kortex_driver_generate_messages_check_deps_BaseCyclic_CustomData
[  0%] Built target _kortex_driver_generate_messages_check_deps_SafetyNotificationList
[  0%] Built target _kortex_driver_generate_messages_check_deps_ReadAllSequences
[  0%] Built target _kortex_driver_generate_messages_check_deps_I2CConfiguration
[  0%] Built target _kortex_driver_generate_messages_check_deps_CreateSequence
[  0%] Built target _kortex_driver_generate_messages_check_deps_RestoreFactoryProductConfiguration
[  0%] Built target _kortex_driver_generate_messages_check_deps_PauseSequence
[  0%] Built target _kortex_driver_generate_messages_check_deps_StopSequence
[  0%] Built target _kortex_driver_generate_messages_check_deps_Base_ServiceVersion
[  0%] Built target _kortex_driver_generate_messages_check_deps_BridgeIdentifier
[  0%] Built target _kortex_driver_generate_messages_check_deps_DeviceConfig_SafetyLimitType
[  0%] Built target _kortex_driver_generate_messages_check_deps_MoveToPosition
[  0%] Built target _kortex_driver_generate_messages_check_deps_ControlConfig_ServiceVersion
[  0%] Built target _kortex_driver_generate_messages_check_deps_Base_CapSenseMode
[  0%] Built target _kortex_driver_generate_messages_check_deps_GetWifiInformation
[  0%] Built target _kortex_driver_generate_messages_check_deps_SafetyStatusValue
[  0%] Built target _kortex_driver_generate_messages_check_deps_SendTwistCommand
[  0%] Built target _kortex_driver_generate_messages_check_deps_Base_CapSenseConfig
[  0%] Built target _kortex_driver_generate_messages_check_deps_PasswordChange
[  0%] Built target _kortex_driver_generate_messages_check_deps_CreateAction
[  0%] Built target _kortex_driver_generate_messages_check_deps_CartesianTrajectoryConstraint
[  0%] Built target _kortex_driver_generate_messages_check_deps_Orientation
[  0%] Built target _kortex_driver_generate_messages_check_deps_LedState
[  0%] Built target _kortex_driver_generate_messages_check_deps_RunModes
[  0%] Built target _kortex_driver_generate_messages_check_deps_OnNotificationSequenceInfoTopic
[  0%] Built target _kortex_driver_generate_messages_check_deps_SetControlLoopParameters
[  0%] Built target _kortex_driver_generate_messages_check_deps_ApplyEmergencyStop
[  0%] Built target _kortex_driver_generate_messages_check_deps_InterconnectCyclic_Feedback
[  0%] Built target _kortex_driver_generate_messages_check_deps_SetApiOptions
[  0%] Built target _kortex_driver_generate_messages_check_deps_BackupEvent
[  0%] Built target _kortex_driver_generate_messages_check_deps_CustomDataIndex
[  0%] Built target _kortex_driver_generate_messages_check_deps_ControllerElementHandle_identifier
[  0%] Built target _kortex_driver_generate_messages_check_deps_GetControllerConfigurationMode
[  0%] Built target _kortex_driver_generate_messages_check_deps_ResetTwistAngularSoftLimit
[  0%] Built target _kortex_driver_generate_messages_check_deps_ChangeTwist
[  0%] Built target _kortex_driver_generate_messages_check_deps_Base_RotationMatrixRow
[  0%] Built target _kortex_driver_generate_messages_check_deps_FocusAction
[  0%] Built target _kortex_driver_generate_messages_check_deps_ControllerConfigurationList
[  0%] Built target _kortex_driver_generate_messages_check_deps_GripperCyclic_Feedback
[  0%] Built target _kortex_driver_generate_messages_check_deps_ControllerNotificationList
[  0%] Built target _kortex_driver_generate_messages_check_deps_GetSelectedCustomData
[  0%] Built target _kortex_driver_generate_messages_check_deps_SetToolConfiguration
[  0%] Built target _kortex_driver_generate_messages_check_deps_NotificationOptions
[  0%] Built target _kortex_driver_generate_messages_check_deps_I2CMode
[  0%] Built target _kortex_driver_generate_messages_check_deps_SequenceTask
[  0%] Built target _kortex_driver_generate_messages_check_deps_JointLimitation
[  0%] Built target _kortex_driver_generate_messages_check_deps_SetJointAccelerationSoftLimits
[  0%] Built target _kortex_driver_generate_messages_check_deps_GetBridgeList
[  0%] Built target _kortex_driver_generate_messages_check_deps_ActuatorConfig_SafetyLimitType
[  0%] Built target _kortex_driver_generate_messages_check_deps_RampResponse
[  0%] Built target _kortex_driver_generate_messages_check_deps_CommandFlags
[  0%] Built target _kortex_driver_generate_messages_check_deps_GetServoing
[  0%] Built target _kortex_driver_generate_messages_check_deps_I2CData
[  0%] Built target _kortex_driver_generate_messages_check_deps_SetEthernetConfiguration
[  0%] Built target _kortex_driver_generate_messages_check_deps_SetExtrinsicParameters
[  0%] Built target _kortex_driver_generate_messages_check_deps_ReadUserProfile
[  0%] Built target _kortex_driver_generate_messages_check_deps_Sequence
[  0%] Built target _kortex_driver_generate_messages_check_deps_Snapshot
[  0%] Built target _kortex_driver_generate_messages_check_deps_MapEvent_events
[  0%] Built target _kortex_driver_generate_messages_check_deps_GetPartNumberRevision
[  0%] Built target _kortex_driver_generate_messages_check_deps_InterconnectCyclic_CustomData_tool_customData
[  0%] Built target _kortex_driver_generate_messages_check_deps_KinematicLimitsList
[  0%] Built target _kortex_driver_generate_messages_check_deps_SetControllerConfigurationMode
[  0%] Built target _kortex_driver_generate_messages_check_deps_ResetPayloadInformation
[  0%] Built target _kortex_driver_generate_messages_check_deps_NetworkHandle
[  0%] Built target _kortex_driver_generate_messages_check_deps_IsCommunicationInterfaceEnable
[  0%] Built target _kortex_driver_generate_messages_check_deps_InterconnectConfig_SafetyIdentifier
[  0%] Built target _kortex_driver_generate_messages_check_deps_ReadProtectionZone
[  0%] Built target _kortex_driver_generate_messages_check_deps_StopAction
[  0%] Built target _kortex_driver_generate_messages_check_deps_ReadAllActions
[  0%] Built target _kortex_driver_generate_messages_check_deps_NetworkNotificationList
[  0%] Built target _kortex_driver_generate_messages_check_deps_Query
[  0%] Built target _kortex_driver_generate_messages_check_deps_Base_ClearFaults
[  0%] Built target _kortex_driver_generate_messages_check_deps_JointNavigationDirection
[  0%] Built target _kortex_driver_generate_messages_check_deps_Calibration
[  0%] Built target _kortex_driver_generate_messages_check_deps_GetAllKinematicSoftLimits
[  0%] Built target _kortex_driver_generate_messages_check_deps_PayloadInformation
[  0%] Built target _kortex_driver_generate_messages_check_deps_MotorCommand
[  0%] Built target _kortex_driver_generate_messages_check_deps_UpdateEndEffectorTypeConfiguration
[  0%] Built target _kortex_driver_generate_messages_check_deps_GetFirmwareBundleVersions
[  0%] Built target std_msgs_generate_messages_cpp
[  0%] Built target _kortex_driver_generate_messages_check_deps_InterconnectConfig_ServiceVersion
[  0%] Built target _kortex_driver_generate_messages_check_deps_CapSenseRegister
[  0%] Built target _kortex_driver_generate_messages_check_deps_PreComputedJointTrajectory
[  0%] Built target _kortex_driver_generate_messages_check_deps_SafetyConfigurationList
[  0%] Built target _kortex_driver_generate_messages_check_deps_OperatingModeInformation
[  0%] Built target _kortex_driver_generate_messages_check_deps_SendJointSpeedsCommand
[  0%] Built target _kortex_driver_generate_messages_check_deps_OptionIdentifier
[  0%] Built target _kortex_driver_generate_messages_check_deps_CustomDataSelection
[  0%] Built target _kortex_driver_generate_messages_check_deps_MappingHandle
[  0%] Built target _kortex_driver_generate_messages_check_deps_ControllerHandle
[  0%] Built target _kortex_driver_generate_messages_check_deps_EndEffectorType
[  0%] Built target _kortex_driver_generate_messages_check_deps_SafetyThreshold
[  0%] Built target _kortex_driver_generate_messages_check_deps_WifiConfiguration
[  0%] Built target _kortex_driver_generate_messages_check_deps_SetAxisOffsets
[  0%] Built target _kortex_driver_generate_messages_check_deps_DeleteSequence
[  0%] Built target _kortex_driver_generate_messages_check_deps_GetExtrinsicParameters
[  0%] Built target _kortex_driver_generate_messages_check_deps_OnNotificationOperatingModeTopic
[  0%] Built target _kortex_driver_generate_messages_check_deps_SafetyStatus
[  0%] Built target _kortex_driver_generate_messages_check_deps_GetMeasuredJointAngles
[  0%] Built target _kortex_driver_generate_messages_check_deps_MapHandle
[  0%] Built target _kortex_driver_generate_messages_check_deps_PowerOnSelfTestResult
[  0%] Built target _kortex_driver_generate_messages_check_deps_DeviceConfig_ServiceVersion
[  0%] Built target _kortex_driver_generate_messages_check_deps_JointSpeed
[  0%] Built target _kortex_driver_generate_messages_check_deps_ActuatorCyclic_MessageId
[  0%] Built target _kortex_driver_generate_messages_check_deps_UpdateMapping
[  0%] Built target _kortex_driver_generate_messages_check_deps_GetKinematicSoftLimits
[  0%] Built target _kortex_driver_generate_messages_check_deps_ActuatorCyclic_Command
[  0%] Built target _kortex_driver_generate_messages_check_deps_StartWifiScan
[  0%] Built target _kortex_driver_generate_messages_check_deps_ReadAction
[  0%] Built target _kortex_driver_generate_messages_check_deps_SequenceInfoNotificationList
[  0%] Built target _kortex_driver_generate_messages_check_deps_ControlConfigurationNotification
[  0%] Built target _kortex_driver_generate_messages_check_deps_I2CRead
[  0%] Built target _kortex_driver_generate_messages_check_deps_SendWrenchJoystickCommand
[  0%] Built target _kortex_driver_generate_messages_check_deps_GPIOMode
[  0%] Built target _kortex_driver_generate_messages_check_deps_GetOptionInformation
[  0%] Built target _kortex_driver_generate_messages_check_deps_RobotEvent
[  0%] Built target _kortex_driver_generate_messages_check_deps_TorqueOffset
[  0%] Built target _kortex_driver_generate_messages_check_deps_GetArmState
[  0%] Built target _kortex_driver_generate_messages_check_deps_ControllerNotification
[  0%] Built target _kortex_driver_generate_messages_check_deps_Base_Unsubscribe
[  0%] Built target _kortex_driver_generate_messages_check_deps_SetRunMode
[  0%] Built target _kortex_driver_generate_messages_check_deps_GetConfiguredWifi
[  0%] Built target _kortex_driver_generate_messages_check_deps_ProtectionZoneList
[  0%] Built target _kortex_driver_generate_messages_check_deps_SafetyConfiguration
[  0%] Built target _kortex_driver_generate_messages_check_deps_ManualFocus
[  0%] Built target _kortex_driver_generate_messages_check_deps_FactoryNotification
[  0%] Built target _kortex_driver_generate_messages_check_deps_ConfigurationChangeNotificationList
[  0%] Built target _kortex_driver_generate_messages_check_deps_PartNumberRevision
[  0%] Built target _kortex_driver_generate_messages_check_deps_SafetyHandle
[  0%] Built target _kortex_driver_generate_messages_check_deps_GripperCyclic_CustomData
[  0%] Built target _kortex_driver_generate_messages_check_deps_ActuatorCommand
[  0%] Built target _kortex_driver_generate_messages_check_deps_OnNotificationUserTopic
[  0%] Built target _kortex_driver_generate_messages_check_deps_VisionConfig_RotationMatrix
[  0%] Built target _kortex_driver_generate_messages_check_deps_GripperRequest
[  0%] Built target _kortex_driver_generate_messages_check_deps_Base_RotationMatrix
[  0%] Built target _kortex_driver_generate_messages_check_deps_SafetyIdentifierBankA
[  0%] Built target std_msgs_generate_messages_py
[  0%] Built target _kortex_driver_generate_messages_check_deps_ControllerElementState
[  0%] Built target _kortex_driver_generate_messages_check_deps_InterconnectCyclic_CustomData
[  0%] Built target _kortex_driver_generate_messages_check_deps_SetPayloadInformation
[  0%] Built target _kortex_driver_generate_messages_check_deps_EncoderDerivativeParameters
[  0%] Built target _kortex_driver_generate_messages_check_deps_CalibrationItem
[  0%] Built target std_msgs_generate_messages_nodejs
[  0%] Built target _kortex_driver_generate_messages_check_deps_EthernetDevice
[  0%] Built target _kortex_driver_generate_messages_check_deps_ControlModeNotification
[  0%] Built target _kortex_driver_generate_messages_check_deps_DeleteSequenceTask
[  0%] Built target _kortex_driver_generate_messages_check_deps_FrequencyResponse
[  0%] Built target _kortex_driver_generate_messages_check_deps_SoundType
[  0%] Built target _kortex_driver_generate_messages_check_deps_GetModelNumber
[  0%] Built target std_msgs_generate_messages_eus
[  0%] Built target _kortex_driver_generate_messages_check_deps_SetGravityVector
[  0%] Built target _kortex_driver_generate_messages_check_deps_ControllerElementHandle
[  0%] Built target _kortex_driver_generate_messages_check_deps_ControllerConfiguration
[  0%] Built target _kortex_driver_generate_messages_check_deps_ExtrinsicParameters
[  0%] Built target _kortex_driver_generate_messages_check_deps_AddWifiConfiguration
[  0%] Built target std_msgs_generate_messages_lisp
[  0%] Built target _kortex_driver_generate_messages_check_deps_SetJointSpeedSoftLimits
[  0%] Built target _kortex_driver_generate_messages_check_deps_ConstrainedOrientation
[  0%] Built target _kortex_driver_generate_messages_check_deps_DesiredSpeeds
[  0%] Built target _kortex_driver_generate_messages_check_deps_DeleteMap
[  0%] Built target _kortex_driver_generate_messages_check_deps_GetWrenchHardLimitation
[  0%] Built target _kortex_driver_generate_messages_check_deps_TrajectoryErrorIdentifier
[ 20%] Built target kortex_driver_generate_messages_nodejs
[ 40%] Built target kortex_driver_generate_messages_cpp
[ 59%] Built target kortex_driver_generate_messages_eus
[ 79%] Built target kortex_driver_generate_messages_lisp
[ 98%] Built target kortex_driver_generate_messages_py
[ 98%] Built target kortex_driver_gencpp
[ 98%] Built target kortex_driver_generate_messages
[100%] Built target kortex_driver_generated_files
[100%] Built target kortex_arm_driver_implementation
[100%] Built target kortex_arm_driver
