Not searching for unused variables given on the command line.
[36m--[0m The C compiler identification is GNU 7.5.0
[36m--[0m The CXX compiler identification is GNU 7.5.0
[36m--[0m Check for working C compiler: /usr/bin/cc
[36m--[0m Check for working C compiler: /usr/bin/cc -- works
[36m--[0m Detecting C compiler ABI info
[36m--[0m Detecting C compiler ABI info - done
[36m--[0m Detecting C compile features
[36m--[0m Detecting C compile features - done
[36m--[0m Check for working CXX compiler: /usr/bin/c++
[36m--[0m Check for working CXX compiler: /usr/bin/c++ -- works
[36m--[0m Detecting CXX compiler ABI info
[36m--[0m Detecting CXX compiler ABI info - done
[36m--[0m Detecting CXX compile features
[36m--[0m Detecting CXX compile features - done
CONAN_TARGET_PLATFORM is x86
[36m--[0m Using CATKIN_DEVEL_PREFIX: /home/csrobot/catkin_ws/devel/.private/kortex_driver
[36m--[0m Using CMAKE_PREFIX_PATH: /home/csrobot/catkin_ws/devel;/opt/ros/melodic
[36m--[0m This workspace overlays: /home/csrobot/catkin_ws/devel;/opt/ros/melodic
[36m--[0m Found PythonInterp: /usr/bin/python2 (found suitable version "2.7.17", minimum required is "2")
[36m--[0m Using PYTHON_EXECUTABLE: /usr/bin/python2
[36m--[0m Using Debian Python package layout
[36m--[0m Using empy: /usr/bin/empy
[36m--[0m Using CATKIN_ENABLE_TESTING: ON
[36m--[0m Call enable_testing()
[36m--[0m Using CATKIN_TEST_RESULTS_DIR: /home/csrobot/catkin_ws/build/kortex_driver/test_results
[36m--[0m Found gtest sources under '/usr/src/googletest': gtests will be built
[36m--[0m Found gmock sources under '/usr/src/googletest': gmock will be built
[36m--[0m Found PythonInterp: /usr/bin/python2 (found version "2.7.17")
[36m--[0m Looking for pthread.h
[36m--[0m Looking for pthread.h - found
[36m--[0m Looking for pthread_create
[36m--[0m Looking for pthread_create - not found
[36m--[0m Looking for pthread_create in pthreads
[36m--[0m Looking for pthread_create in pthreads - not found
[36m--[0m Looking for pthread_create in pthread
[36m--[0m Looking for pthread_create in pthread - found
[36m--[0m Found Threads: TRUE
[36m--[0m Using Python nosetests: /usr/bin/nosetests-2.7
[36m--[0m catkin 0.7.29
[36m--[0m BUILD_SHARED_LIBS is on
[36m--[0m Using these message generators: gencpp;geneus;genlisp;gennodejs;genpy
[36m--[0m Boost version: 1.65.1
[36m--[0m Found the following Boost libraries:
[36m--[0m   system
[36m--[0m kortex_driver: 408 messages, 254 services
[36m--[0m Conan: checking conan executable in path
[36m--[0m Conan: Found program /usr/local/bin/conan
[36m--[0m Conan: Version found Conan version 1.39.0-dev

[36m--[0m Conan: Adding kinova_public remote repository (https://artifactory.kinovaapps.com/artifactory/api/conan/conan-public)
[36m--[0m Conan: Automatic detection of conan settings from cmake
[36m--[0m Conan: Settings= -s;build_type=Release;-s;compiler=gcc;-s;compiler.version=7;-s;compiler.libcxx=libstdc++11;-s;kortex_api_cpp:compiler=gcc;-s;kortex_api_cpp:compiler.version=5;-s;kortex_api_cpp:compiler.libcxx=libstdc++11
[36m--[0m Conan executing: conan install /home/csrobot/catkin_ws/src/ros_kortex/kortex_driver/conanfile.py -s build_type=Release -s compiler=gcc -s compiler.version=7 -s compiler.libcxx=libstdc++11 -s kortex_api_cpp:compiler=gcc -s kortex_api_cpp:compiler.version=5 -s kortex_api_cpp:compiler.libcxx=libstdc++11 -g=cmake --update
Configuration:
[settings]
arch=x86_64
arch_build=x86_64
build_type=Release
compiler=gcc
compiler.libcxx=libstdc++11
compiler.version=7
os=Linux
os_build=Linux
kortex_api_cpp:compiler=gcc
kortex_api_cpp:compiler.version=5
kortex_api_cpp:compiler.libcxx=libstdc++11
[options]
[build_requires]
[env]

conanfile.py: Installing package
Requirements
    kortex_api_cpp/2.2.0-r.31@@kortex/stable from 'kinova_public' - Cache
Packages
    kortex_api_cpp/2.2.0-r.31@@kortex/stable:e0a5f09381701303d00b3eed165788a9fa5beecd - Cache

Installing (downloading, building) binaries...
kortex_api_cpp/2.2.0-r.31@@kortex/stable: Already installed!
conanfile.py: Generator txt created conanbuildinfo.txt
conanfile.py: Generator cmake created conanbuildinfo.cmake
conanfile.py: Aggregating env generators
conanfile.py: Generated conaninfo.txt
conanfile.py: Generated graphinfo
[36m--[0m Conan: Loading conanbuildinfo.cmake
[36m--[0m Conan: Using cmake targets configuration
[36m--[0m Library KortexApiCpp found /home/csrobot/.conan/data/kortex_api_cpp/2.2.0-r.31/kortex/stable/package/e0a5f09381701303d00b3eed165788a9fa5beecd/lib/libKortexApiCpp.a
[36m--[0m Conan: Adjusting default RPATHs Conan policies
[36m--[0m Conan: Adjusting language standard
[36m--[0m Current conanbuildinfo.cmake directory: /home/csrobot/catkin_ws/build/kortex_driver
[36m--[0m WARN: CONAN_COMPILER variable not set, please make sure yourself that your compiler and version matches your declared settings
[36m--[0m Configuring done
[36m--[0m Generating done
[36m--[0m Build files have been written to: /home/csrobot/catkin_ws/build/kortex_driver
