Determining if the pthread_create exist failed with the following output:
Change Dir: /home/csrobot/catkin_ws/build/j2s6s300_ikfast/CMakeFiles/CMakeTmp

Run Build Command:"/usr/bin/make" "cmTC_0f931/fast"
/usr/bin/make -f CMakeFiles/cmTC_0f931.dir/build.make CMakeFiles/cmTC_0f931.dir/build
make[1]: Entering directory '/home/csrobot/catkin_ws/build/j2s6s300_ikfast/CMakeFiles/CMakeTmp'
Building C object CMakeFiles/cmTC_0f931.dir/CheckSymbolExists.c.o
/usr/bin/cc    -o CMakeFiles/cmTC_0f931.dir/CheckSymbolExists.c.o   -c /home/csrobot/catkin_ws/build/j2s6s300_ikfast/CMakeFiles/CMakeTmp/CheckSymbolExists.c
Linking C executable cmTC_0f931
/usr/bin/cmake -E cmake_link_script CMakeFiles/cmTC_0f931.dir/link.txt --verbose=1
/usr/bin/cc      -rdynamic CMakeFiles/cmTC_0f931.dir/CheckSymbolExists.c.o  -o cmTC_0f931 
CMakeFiles/cmTC_0f931.dir/CheckSymbolExists.c.o: In function `main':
CheckSymbolExists.c:(.text+0x1b): undefined reference to `pthread_create'
collect2: error: ld returned 1 exit status
CMakeFiles/cmTC_0f931.dir/build.make:97: recipe for target 'cmTC_0f931' failed
make[1]: *** [cmTC_0f931] Error 1
make[1]: Leaving directory '/home/csrobot/catkin_ws/build/j2s6s300_ikfast/CMakeFiles/CMakeTmp'
Makefile:126: recipe for target 'cmTC_0f931/fast' failed
make: *** [cmTC_0f931/fast] Error 2

File /home/csrobot/catkin_ws/build/j2s6s300_ikfast/CMakeFiles/CMakeTmp/CheckSymbolExists.c:
/* */
#include <pthread.h>

int main(int argc, char** argv)
{
  (void)argv;
#ifndef pthread_create
  return ((int*)(&pthread_create))[argc];
#else
  (void)argc;
  return 0;
#endif
}

Determining if the function pthread_create exists in the pthreads failed with the following output:
Change Dir: /home/csrobot/catkin_ws/build/j2s6s300_ikfast/CMakeFiles/CMakeTmp

Run Build Command:"/usr/bin/make" "cmTC_bae1b/fast"
/usr/bin/make -f CMakeFiles/cmTC_bae1b.dir/build.make CMakeFiles/cmTC_bae1b.dir/build
make[1]: Entering directory '/home/csrobot/catkin_ws/build/j2s6s300_ikfast/CMakeFiles/CMakeTmp'
Building C object CMakeFiles/cmTC_bae1b.dir/CheckFunctionExists.c.o
/usr/bin/cc   -DCHECK_FUNCTION_EXISTS=pthread_create   -o CMakeFiles/cmTC_bae1b.dir/CheckFunctionExists.c.o   -c /usr/share/cmake-3.10/Modules/CheckFunctionExists.c
Linking C executable cmTC_bae1b
/usr/bin/cmake -E cmake_link_script CMakeFiles/cmTC_bae1b.dir/link.txt --verbose=1
/usr/bin/cc  -DCHECK_FUNCTION_EXISTS=pthread_create    -rdynamic CMakeFiles/cmTC_bae1b.dir/CheckFunctionExists.c.o  -o cmTC_bae1b -lpthreads 
/usr/bin/ld: cannot find -lpthreads
collect2: error: ld returned 1 exit status
CMakeFiles/cmTC_bae1b.dir/build.make:97: recipe for target 'cmTC_bae1b' failed
make[1]: *** [cmTC_bae1b] Error 1
make[1]: Leaving directory '/home/csrobot/catkin_ws/build/j2s6s300_ikfast/CMakeFiles/CMakeTmp'
Makefile:126: recipe for target 'cmTC_bae1b/fast' failed
make: *** [cmTC_bae1b/fast] Error 2


