Determining if the pthread_create exist failed with the following output:
Change Dir: /home/csrobot/catkin_ws/build/kinova_msgs/CMakeFiles/CMakeTmp

Run Build Command:"/usr/bin/make" "cmTC_ffc0f/fast"
/usr/bin/make -f CMakeFiles/cmTC_ffc0f.dir/build.make CMakeFiles/cmTC_ffc0f.dir/build
make[1]: Entering directory '/home/csrobot/catkin_ws/build/kinova_msgs/CMakeFiles/CMakeTmp'
Building C object CMakeFiles/cmTC_ffc0f.dir/CheckSymbolExists.c.o
/usr/bin/cc    -o CMakeFiles/cmTC_ffc0f.dir/CheckSymbolExists.c.o   -c /home/csrobot/catkin_ws/build/kinova_msgs/CMakeFiles/CMakeTmp/CheckSymbolExists.c
Linking C executable cmTC_ffc0f
/usr/bin/cmake -E cmake_link_script CMakeFiles/cmTC_ffc0f.dir/link.txt --verbose=1
/usr/bin/cc      -rdynamic CMakeFiles/cmTC_ffc0f.dir/CheckSymbolExists.c.o  -o cmTC_ffc0f 
CMakeFiles/cmTC_ffc0f.dir/CheckSymbolExists.c.o: In function `main':
CheckSymbolExists.c:(.text+0x1b): undefined reference to `pthread_create'
collect2: error: ld returned 1 exit status
CMakeFiles/cmTC_ffc0f.dir/build.make:97: recipe for target 'cmTC_ffc0f' failed
make[1]: *** [cmTC_ffc0f] Error 1
make[1]: Leaving directory '/home/csrobot/catkin_ws/build/kinova_msgs/CMakeFiles/CMakeTmp'
Makefile:126: recipe for target 'cmTC_ffc0f/fast' failed
make: *** [cmTC_ffc0f/fast] Error 2

File /home/csrobot/catkin_ws/build/kinova_msgs/CMakeFiles/CMakeTmp/CheckSymbolExists.c:
/* */
#include <pthread.h>

int main(int argc, char** argv)
{
  (void)argv;
#ifndef pthread_create
  return ((int*)(&pthread_create))[argc];
#else
  (void)argc;
  return 0;
#endif
}

Determining if the function pthread_create exists in the pthreads failed with the following output:
Change Dir: /home/csrobot/catkin_ws/build/kinova_msgs/CMakeFiles/CMakeTmp

Run Build Command:"/usr/bin/make" "cmTC_c6569/fast"
/usr/bin/make -f CMakeFiles/cmTC_c6569.dir/build.make CMakeFiles/cmTC_c6569.dir/build
make[1]: Entering directory '/home/csrobot/catkin_ws/build/kinova_msgs/CMakeFiles/CMakeTmp'
Building C object CMakeFiles/cmTC_c6569.dir/CheckFunctionExists.c.o
/usr/bin/cc   -DCHECK_FUNCTION_EXISTS=pthread_create   -o CMakeFiles/cmTC_c6569.dir/CheckFunctionExists.c.o   -c /usr/share/cmake-3.10/Modules/CheckFunctionExists.c
Linking C executable cmTC_c6569
/usr/bin/cmake -E cmake_link_script CMakeFiles/cmTC_c6569.dir/link.txt --verbose=1
/usr/bin/cc  -DCHECK_FUNCTION_EXISTS=pthread_create    -rdynamic CMakeFiles/cmTC_c6569.dir/CheckFunctionExists.c.o  -o cmTC_c6569 -lpthreads 
/usr/bin/ld: cannot find -lpthreads
collect2: error: ld returned 1 exit status
CMakeFiles/cmTC_c6569.dir/build.make:97: recipe for target 'cmTC_c6569' failed
make[1]: *** [cmTC_c6569] Error 1
make[1]: Leaving directory '/home/csrobot/catkin_ws/build/kinova_msgs/CMakeFiles/CMakeTmp'
Makefile:126: recipe for target 'cmTC_c6569/fast' failed
make: *** [cmTC_c6569/fast] Error 2


